2017-03-17 17:32:45 [DEBUG] TinyWeb\Traits\OrmTrait::debugSql[286] sql:select * from `vlss_scene_template` where `app_id` = 1 and `state` in (1) limit 5000, use:62.4ms
2017-03-17 17:32:46 [DEBUG] TinyWeb\Traits\OrmTrait::debugSql[286] sql:select * from `vlss_scene_template` where `app_id` = 1 and `state` in (1) limit 5000, use:63.4ms
2017-03-17 17:32:47 [DEBUG] TinyWeb\Traits\OrmTrait::debugSql[286] sql:select * from `vlss_scene_template` where `app_id` = 1 and `state` in (1) limit 5000, use:74.2ms
2017-03-17 17:32:48 [DEBUG] TinyWeb\Traits\OrmTrait::debugSql[286] sql:select * from `vlss_scene_template` where `app_id` = 1 and `state` in (1) limit 5000, use:115.01ms
2017-03-17 17:32:48 [DEBUG] TinyWeb\Traits\OrmTrait::debugSql[286] sql:select * from `vlss_scene_template` where `app_id` = 1 and `state` in (1) limit 5000, use:90.01ms
2017-03-17 17:32:48 [DEBUG] TinyWeb\Traits\OrmTrait::debugSql[286] sql:select * from `vlss_scene_template` where `app_id` = 1 and `state` in (1) limit 5000, use:77ms
2017-03-17 17:36:10 [DEBUG] TinyWeb\Traits\OrmTrait::debugSql[289] SQL(10ms) select * from `vlss_scene_template` where `app_id` = 1 and `state` in (1) limit 5000
2017-03-17 17:36:38 [DEBUG] TinyWeb\Traits\OrmTrait::debugSql[289] SQL(14ms) select * from `vlss_scene_template` where `app_id` = 1 and `state` in (1) limit 5000
2017-03-17 17:37:48 [DEBUG] TinyWeb\Traits\OrmTrait::debugSql[289] SQL(63ms) select * from `vlss_scene_template` where `app_id` = 1 and `state` in (1) limit 5000
2017-03-17 17:40:00 [DEBUG] TinyWeb\Traits\OrmTrait::dictItem[289] SQL(55ms) select * from `vlss_scene_template` where `app_id` = 1 and `state` in (1) limit 5000
2017-03-17 17:40:57 [DEBUG] TinyWeb\Traits\OrmTrait::dictItem[288] SQL(65ms) select * from `vlss_scene_template` where `app_id` = 1 and `state` in (1) limit 5000
2017-03-17 17:42:24 [DEBUG] TinyWeb\Traits\OrmTrait::dictItem[291] SQL(10ms) select * from `vlss_scene_template` where `app_id` = 1 and `state` in (1) limit 5000
2017-03-17 17:42:57 [DEBUG] TinyWeb\Traits\OrmTrait::dictItem[291] SQL(64ms) select * from `vlss_scene_template` where `app_id` = 1 and `state` in (1) limit 5000
2017-03-17 17:43:12 [DEBUG] TinyWeb\Traits\OrmTrait::dictItem[291] SQL(64ms) select * from `vlss_scene_template` where `app_id` = 1 and `state` in (1) limit 5000
2017-03-17 17:43:27 [DEBUG] TinyWeb\Traits\OrmTrait::dictItem[291] SQL(75ms) select * from `vlss_scene_template` where `app_id` = 1 and `state` in (1) limit 5000
2017-03-17 17:45:23 [DEBUG] TinyWeb\Traits\OrmTrait::dictItem[291] SQL(75ms) select * from `vlss_scene_template` where `app_id` = 1 and `state` in (1) limit 5000
2017-03-17 17:46:16 [DEBUG] TinyWeb\Traits\OrmTrait::dictItem[291] SQL(69.4ms) select * from `vlss_scene_template` where `app_id` = 1 and `state` in (1) limit 5000
2017-03-17 17:48:22 [DEBUG] TinyWeb\Traits\OrmTrait::dictItem[291] SQL(9ms) select * from `vlss_scene_template` where `app_id` = 1 and `state` in (1) limit 5000
2017-03-17 17:49:38 [DEBUG] TinyWeb\Traits\OrmTrait::dictItem[291] SQL(63.8ms) select * from `vlss_scene_template` where `app_id` = 1 and `state` in (1) limit 5000
2017-03-17 17:49:39 [DEBUG] TinyWeb\Traits\OrmTrait::dictItem[291] SQL(58.2ms) select * from `vlss_scene_template` where `app_id` = 1 and `state` in (1) limit 5000
2017-03-17 17:49:39 [DEBUG] TinyWeb\Traits\OrmTrait::dictItem[291] SQL(87ms) select * from `vlss_scene_template` where `app_id` = 1 and `state` in (1) limit 5000
2017-03-17 17:49:39 [DEBUG] TinyWeb\Traits\OrmTrait::dictItem[291] SQL(52.8ms) select * from `vlss_scene_template` where `app_id` = 1 and `state` in (1) limit 5000
2017-03-17 17:50:11 [DEBUG] TinyWeb\Traits\OrmTrait::dictItem[291] SQL(75.8ms) select * from `vlss_scene_template` where `app_id` = 1 and `state` in (1) limit 5000
2017-03-17 17:50:37 [DEBUG] TinyWeb\Traits\OrmTrait::dictItem[291] SQL(46.8ms) select * from `vlss_scene_template` where `app_id` = 1 and `state` in (1) limit 5000
2017-03-17 17:52:09 [DEBUG] TinyWeb\Traits\OrmTrait::dictItem[291] SQL(63ms) select * from `vlss_scene_template` where `app_id` = 1 and `state` in (1) limit 5000
2017-03-17 17:54:36 [DEBUG] TinyWeb\Traits\OrmTrait::dictItem[291] SQL(11ms) select * from `vlss_scene_template` where `app_id` = 1 and `state` in (1) limit 5000
2017-03-17 17:54:38 [DEBUG] TinyWeb\Traits\OrmTrait::dictItem[291] SQL(58ms) select * from `vlss_scene_template` where `app_id` = 1 and `state` in (1) limit 5000
2017-03-17 17:54:45 [DEBUG] TinyWeb\Traits\OrmTrait::dictItem[291] SQL(61ms) select * from `vlss_scene_template` where `app_id` = 1 and `state` in (1) limit 5000
2017-03-17 17:54:48 [DEBUG] TinyWeb\Traits\OrmTrait::dictItem[291] SQL(55ms) select * from `vlss_scene_template` where `app_id` = 1 and `state` in (1) limit 5000
2017-03-17 17:56:06 [DEBUG] TinyWeb\Traits\OrmTrait::dictItem[291] SQL(719.04ms) select * from `vlss_scene_template` where `app_id` = 1 and `state` in (1) limit 5000
2017-03-17 17:56:14 [DEBUG] TinyWeb\Traits\OrmTrait::dictItem[291] SQL(61ms) select * from `vlss_scene_template` where `app_id` = 1 and `state` in (1) limit 5000
2017-03-17 17:56:19 [DEBUG] TinyWeb\Traits\OrmTrait::dictItem[291] SQL(62ms) select * from `vlss_scene_template` where `app_id` = 1 and `state` in (1) limit 5000
2017-03-17 17:56:52 [DEBUG] TinyWeb\Traits\OrmTrait::dictItem[291] SQL(59ms) select * from `vlss_scene_template` where `app_id` = 1 and `state` in (1) limit 5000
2017-03-17 17:56:55 [DEBUG] TinyWeb\Traits\OrmTrait::dictItem[291] SQL(54ms) select * from `vlss_scene_template` where `app_id` = 1 and `state` in (1) limit 5000
2017-03-17 17:57:00 [DEBUG] TinyWeb\Traits\OrmTrait::dictItem[291] SQL(60ms) select * from `vlss_scene_template` where `app_id` = 1 and `state` in (1) limit 5000
2017-03-17 17:57:03 [DEBUG] TinyWeb\Traits\OrmTrait::dictItem[291] SQL(58ms) select * from `vlss_scene_template` where `app_id` = 1 and `state` in (1) limit 5000
2017-03-17 18:00:42 [DEBUG] TinyWeb\Traits\OrmTrait::dictItem[291] SQL(8ms) select * from `vlss_scene_template` where `app_id` = 1 and `state` in (1) limit 5000
2017-03-17 18:00:49 [DEBUG] TinyWeb\Traits\OrmTrait::dictItem[291] SQL(62ms) select * from `vlss_scene_template` where `app_id` = 1 and `state` in (1) limit 5000
2017-03-17 18:00:54 [DEBUG] TinyWeb\Traits\OrmTrait::dictItem[291] SQL(59ms) select * from `vlss_scene_template` where `app_id` = 1 and `state` in (1) limit 5000
2017-03-17 18:21:00 [DEBUG] TinyWeb\Traits\OrmTrait::dictItem[294] SQL(9ms) select * from `vlss_scene_template` where `app_id` = 1 and `state` in (1) limit 5000
2017-03-17 18:21:03 [DEBUG] TinyWeb\Traits\OrmTrait::dictItem[294] SQL(56ms) select * from `vlss_scene_template` where `app_id` = 1 and `state` in (1) limit 5000
2017-03-17 18:23:28 [DEBUG] TinyWeb\Traits\OrmTrait::dictItem[294] SQL(60ms) select * from `vlss_scene_template` where `app_id` = 1 and `state` in (1) limit 5000
2017-03-17 18:23:31 [DEBUG] TinyWeb\Traits\OrmTrait::dictItem[294] SQL(53ms) select * from `vlss_scene_template` where `app_id` = 1 and `state` in (1) limit 5000
2017-03-17 18:23:32 [DEBUG] TinyWeb\Traits\OrmTrait::dictItem[294] SQL(57ms) select * from `vlss_scene_template` where `app_id` = 1 and `state` in (1) limit 5000
2017-03-17 18:23:32 [DEBUG] TinyWeb\Traits\OrmTrait::dictItem[294] SQL(66ms) select * from `vlss_scene_template` where `app_id` = 1 and `state` in (1) limit 5000
2017-03-17 18:23:33 [DEBUG] TinyWeb\Traits\OrmTrait::dictItem[294] SQL(89ms) select * from `vlss_scene_template` where `app_id` = 1 and `state` in (1) limit 5000
2017-03-17 18:23:33 [DEBUG] TinyWeb\Traits\OrmTrait::dictItem[294] SQL(74ms) select * from `vlss_scene_template` where `app_id` = 1 and `state` in (1) limit 5000
2017-03-17 18:23:33 [DEBUG] TinyWeb\Traits\OrmTrait::dictItem[294] SQL(107.01ms) select * from `vlss_scene_template` where `app_id` = 1 and `state` in (1) limit 5000
2017-03-17 18:23:33 [DEBUG] TinyWeb\Traits\OrmTrait::dictItem[294] SQL(93ms) select * from `vlss_scene_template` where `app_id` = 1 and `state` in (1) limit 5000
2017-03-17 18:23:34 [DEBUG] TinyWeb\Traits\OrmTrait::dictItem[294] SQL(120.01ms) select * from `vlss_scene_template` where `app_id` = 1 and `state` in (1) limit 5000
2017-03-17 18:23:34 [DEBUG] TinyWeb\Traits\OrmTrait::dictItem[294] SQL(62ms) select * from `vlss_scene_template` where `app_id` = 1 and `state` in (1) limit 5000
2017-03-17 18:23:51 [DEBUG] TinyWeb\Traits\OrmTrait::dictItem[294] SQL(58ms) select * from `vlss_scene_template` where `app_id` = 1 and `state` in (1) limit 5000
2017-03-17 18:23:52 [DEBUG] TinyWeb\Traits\OrmTrait::dictItem[294] SQL(56ms) select * from `vlss_scene_template` where `app_id` = 1 and `state` in (1) limit 5000
2017-03-17 18:23:52 [DEBUG] TinyWeb\Traits\OrmTrait::dictItem[294] SQL(79.01ms) select * from `vlss_scene_template` where `app_id` = 1 and `state` in (1) limit 5000
2017-03-17 18:23:53 [DEBUG] TinyWeb\Traits\OrmTrait::dictItem[294] SQL(71ms) select * from `vlss_scene_template` where `app_id` = 1 and `state` in (1) limit 5000
2017-03-17 18:23:53 [DEBUG] TinyWeb\Traits\OrmTrait::dictItem[294] SQL(107.01ms) select * from `vlss_scene_template` where `app_id` = 1 and `state` in (1) limit 5000
2017-03-17 18:23:53 [DEBUG] TinyWeb\Traits\OrmTrait::dictItem[294] SQL(69ms) select * from `vlss_scene_template` where `app_id` = 1 and `state` in (1) limit 5000
2017-03-17 18:27:26 [DEBUG] TinyWeb\Traits\OrmTrait::dictItem[294] SQL(10ms) select * from `vlss_scene_template` where `app_id` = 1 and `state` in (1) limit 5000
