2017-03-17 17:32:45 [DEBUG] TinyWeb\Traits\OrmTrait::debugSql[286] sql:select * from `vlss_scene_group` where `app_id` = 1 and `state` in (1) limit 5000, use:15.6ms
2017-03-17 17:32:46 [DEBUG] TinyWeb\Traits\OrmTrait::debugSql[286] sql:select * from `vlss_scene_group` where `app_id` = 1 and `state` in (1) limit 5000, use:0ms
2017-03-17 17:32:47 [DEBUG] TinyWeb\Traits\OrmTrait::debugSql[286] sql:select * from `vlss_scene_group` where `app_id` = 1 and `state` in (1) limit 5000, use:10ms
2017-03-17 17:32:48 [DEBUG] TinyWeb\Traits\OrmTrait::debugSql[286] sql:select * from `vlss_scene_group` where `app_id` = 1 and `state` in (1) limit 5000, use:10ms
2017-03-17 17:32:48 [DEBUG] TinyWeb\Traits\OrmTrait::debugSql[286] sql:select * from `vlss_scene_group` where `app_id` = 1 and `state` in (1) limit 5000, use:11ms
2017-03-17 17:32:48 [DEBUG] TinyWeb\Traits\OrmTrait::debugSql[286] sql:select * from `vlss_scene_group` where `app_id` = 1 and `state` in (1) limit 5000, use:8ms
2017-03-17 17:36:10 [DEBUG] TinyWeb\Traits\OrmTrait::debugSql[289] SQL(11ms) select * from `vlss_scene_group` where `app_id` = 1 and `state` in (1) limit 5000
2017-03-17 17:36:38 [DEBUG] TinyWeb\Traits\OrmTrait::debugSql[289] SQL(12ms) select * from `vlss_scene_group` where `app_id` = 1 and `state` in (1) limit 5000
2017-03-17 17:37:48 [DEBUG] TinyWeb\Traits\OrmTrait::debugSql[289] SQL(9ms) select * from `vlss_scene_group` where `app_id` = 1 and `state` in (1) limit 5000
2017-03-17 17:40:00 [DEBUG] TinyWeb\Traits\OrmTrait::dictItem[289] SQL(12ms) select * from `vlss_scene_group` where `app_id` = 1 and `state` in (1) limit 5000
2017-03-17 17:40:57 [DEBUG] TinyWeb\Traits\OrmTrait::dictItem[288] SQL(17ms) select * from `vlss_scene_group` where `app_id` = 1 and `state` in (1) limit 5000
2017-03-17 17:42:24 [DEBUG] TinyWeb\Traits\OrmTrait::dictItem[291] SQL(13ms) select * from `vlss_scene_group` where `app_id` = 1 and `state` in (1) limit 5000
2017-03-17 17:42:57 [DEBUG] TinyWeb\Traits\OrmTrait::dictItem[291] SQL(10ms) select * from `vlss_scene_group` where `app_id` = 1 and `state` in (1) limit 5000
2017-03-17 17:43:12 [DEBUG] TinyWeb\Traits\OrmTrait::dictItem[291] SQL(9ms) select * from `vlss_scene_group` where `app_id` = 1 and `state` in (1) limit 5000
2017-03-17 17:43:27 [DEBUG] TinyWeb\Traits\OrmTrait::dictItem[291] SQL(11ms) select * from `vlss_scene_group` where `app_id` = 1 and `state` in (1) limit 5000
2017-03-17 17:45:24 [DEBUG] TinyWeb\Traits\OrmTrait::dictItem[291] SQL(11ms) select * from `vlss_scene_group` where `app_id` = 1 and `state` in (1) limit 5000
2017-03-17 17:46:16 [DEBUG] TinyWeb\Traits\OrmTrait::dictItem[291] SQL(9ms) select * from `vlss_scene_group` where `app_id` = 1 and `state` in (1) limit 5000
2017-03-17 17:48:22 [DEBUG] TinyWeb\Traits\OrmTrait::dictItem[291] SQL(10ms) select * from `vlss_scene_group` where `app_id` = 1 and `state` in (1) limit 5000
2017-03-17 17:48:22 [DEBUG] app\api\GraphQL\VlssSceneGroup::app\api\GraphQL\{closure}[58] tmp:[1,2]
2017-03-17 17:48:23 [DEBUG] app\api\GraphQL\VlssSceneGroup::app\api\GraphQL\{closure}[58] tmp:[1,2]
2017-03-17 17:48:23 [DEBUG] app\api\GraphQL\VlssSceneGroup::app\api\GraphQL\{closure}[58] tmp:[1,2]
2017-03-17 17:48:23 [DEBUG] app\api\GraphQL\VlssSceneGroup::app\api\GraphQL\{closure}[58] tmp:[1,2]
2017-03-17 17:49:38 [DEBUG] TinyWeb\Traits\OrmTrait::dictItem[291] SQL(9ms) select * from `vlss_scene_group` where `app_id` = 1 and `state` in (1) limit 5000
2017-03-17 17:49:38 [DEBUG] app\api\GraphQL\VlssSceneGroup::app\api\GraphQL\{closure}[58] id:1,state:Array,tmp:[1,2]
2017-03-17 17:49:38 [DEBUG] app\api\GraphQL\VlssSceneGroup::app\api\GraphQL\{closure}[58] id:2,state:Array,tmp:[1,2]
2017-03-17 17:49:38 [DEBUG] app\api\GraphQL\VlssSceneGroup::app\api\GraphQL\{closure}[58] id:3,state:Array,tmp:[1,2]
2017-03-17 17:49:38 [DEBUG] app\api\GraphQL\VlssSceneGroup::app\api\GraphQL\{closure}[58] id:4,state:Array,tmp:[1,2]
2017-03-17 17:49:39 [DEBUG] TinyWeb\Traits\OrmTrait::dictItem[291] SQL(15.6ms) select * from `vlss_scene_group` where `app_id` = 1 and `state` in (1) limit 5000
2017-03-17 17:49:39 [DEBUG] app\api\GraphQL\VlssSceneGroup::app\api\GraphQL\{closure}[58] id:1,state:Array,tmp:[1,2]
2017-03-17 17:49:39 [DEBUG] app\api\GraphQL\VlssSceneGroup::app\api\GraphQL\{closure}[58] id:2,state:Array,tmp:[1,2]
2017-03-17 17:49:39 [DEBUG] app\api\GraphQL\VlssSceneGroup::app\api\GraphQL\{closure}[58] id:3,state:Array,tmp:[1,2]
2017-03-17 17:49:39 [DEBUG] app\api\GraphQL\VlssSceneGroup::app\api\GraphQL\{closure}[58] id:4,state:Array,tmp:[1,2]
2017-03-17 17:49:39 [DEBUG] TinyWeb\Traits\OrmTrait::dictItem[291] SQL(8ms) select * from `vlss_scene_group` where `app_id` = 1 and `state` in (1) limit 5000
2017-03-17 17:49:39 [DEBUG] app\api\GraphQL\VlssSceneGroup::app\api\GraphQL\{closure}[58] id:1,state:Array,tmp:[1,2]
2017-03-17 17:49:39 [DEBUG] app\api\GraphQL\VlssSceneGroup::app\api\GraphQL\{closure}[58] id:2,state:Array,tmp:[1,2]
2017-03-17 17:49:39 [DEBUG] app\api\GraphQL\VlssSceneGroup::app\api\GraphQL\{closure}[58] id:3,state:Array,tmp:[1,2]
2017-03-17 17:49:39 [DEBUG] app\api\GraphQL\VlssSceneGroup::app\api\GraphQL\{closure}[58] id:4,state:Array,tmp:[1,2]
2017-03-17 17:49:39 [DEBUG] TinyWeb\Traits\OrmTrait::dictItem[291] SQL(17.6ms) select * from `vlss_scene_group` where `app_id` = 1 and `state` in (1) limit 5000
2017-03-17 17:49:39 [DEBUG] app\api\GraphQL\VlssSceneGroup::app\api\GraphQL\{closure}[58] id:1,state:Array,tmp:[1,2]
2017-03-17 17:49:39 [DEBUG] app\api\GraphQL\VlssSceneGroup::app\api\GraphQL\{closure}[58] id:2,state:Array,tmp:[1,2]
2017-03-17 17:49:39 [DEBUG] app\api\GraphQL\VlssSceneGroup::app\api\GraphQL\{closure}[58] id:3,state:Array,tmp:[1,2]
2017-03-17 17:49:39 [DEBUG] app\api\GraphQL\VlssSceneGroup::app\api\GraphQL\{closure}[58] id:4,state:Array,tmp:[1,2]
2017-03-17 17:50:11 [DEBUG] TinyWeb\Traits\OrmTrait::dictItem[291] SQL(12ms) select * from `vlss_scene_group` where `app_id` = 1 and `state` in (1) limit 5000
2017-03-17 17:50:11 [DEBUG] app\api\GraphQL\VlssSceneGroup::app\api\GraphQL\{closure}[58] id:1,state:[1,2],tmp:[1,2]
2017-03-17 17:50:11 [DEBUG] app\api\GraphQL\VlssSceneGroup::app\api\GraphQL\{closure}[58] id:2,state:[1,2],tmp:[1,2]
2017-03-17 17:50:11 [DEBUG] app\api\GraphQL\VlssSceneGroup::app\api\GraphQL\{closure}[58] id:3,state:[1,2],tmp:[1,2]
2017-03-17 17:50:11 [DEBUG] app\api\GraphQL\VlssSceneGroup::app\api\GraphQL\{closure}[58] id:4,state:[1,2],tmp:[1,2]
2017-03-17 17:50:37 [DEBUG] TinyWeb\Traits\OrmTrait::dictItem[291] SQL(15.6ms) select * from `vlss_scene_group` where `app_id` = 1 and `state` in (1) limit 5000
2017-03-17 17:50:37 [DEBUG] app\api\GraphQL\VlssSceneGroup::app\api\GraphQL\{closure}[58] id:1,state:[1,2],tmp:[1,2]
2017-03-17 17:50:37 [DEBUG] app\api\GraphQL\VlssSceneGroup::app\api\GraphQL\{closure}[58] id:2,state:[1,2],tmp:[1,2]
2017-03-17 17:50:37 [DEBUG] app\api\GraphQL\VlssSceneGroup::app\api\GraphQL\{closure}[58] id:3,state:[1,2],tmp:[1,2]
2017-03-17 17:50:37 [DEBUG] app\api\GraphQL\VlssSceneGroup::app\api\GraphQL\{closure}[58] id:4,state:[1,2],tmp:[1,2]
2017-03-17 17:52:10 [DEBUG] TinyWeb\Traits\OrmTrait::dictItem[291] SQL(15.6ms) select * from `vlss_scene_group` where `app_id` = 1 and `state` in (1) limit 5000
2017-03-17 17:52:10 [DEBUG] app\api\GraphQL\VlssSceneGroup::app\api\GraphQL\{closure}[58] id:1,state:[1,2],tmp:[1,2]
2017-03-17 17:52:10 [DEBUG] app\api\GraphQL\VlssSceneGroup::app\api\GraphQL\{closure}[58] id:2,state:[1,2],tmp:[1,2]
2017-03-17 17:52:10 [DEBUG] app\api\GraphQL\VlssSceneGroup::app\api\GraphQL\{closure}[58] id:3,state:[1,2],tmp:[1,2]
2017-03-17 17:52:10 [DEBUG] app\api\GraphQL\VlssSceneGroup::app\api\GraphQL\{closure}[58] id:4,state:[1,2],tmp:[1,2]
2017-03-17 17:54:36 [DEBUG] TinyWeb\Traits\OrmTrait::dictItem[291] SQL(11ms) select * from `vlss_scene_group` where `app_id` = 1 and `state` in (1) limit 5000
2017-03-17 17:54:36 [DEBUG] app\api\GraphQL\VlssSceneGroup::app\api\GraphQL\{closure}[57] id:1,state:[1,2],tmp:[1,2]
2017-03-17 17:54:36 [DEBUG] app\api\GraphQL\VlssSceneGroup::app\api\GraphQL\{closure}[57] id:2,state:[1,2],tmp:[1,2]
2017-03-17 17:54:36 [DEBUG] app\api\GraphQL\VlssSceneGroup::app\api\GraphQL\{closure}[57] id:3,state:[1,2],tmp:[1,2]
2017-03-17 17:54:36 [DEBUG] app\api\GraphQL\VlssSceneGroup::app\api\GraphQL\{closure}[57] id:4,state:[1,2],tmp:[1,2]
2017-03-17 17:54:38 [DEBUG] TinyWeb\Traits\OrmTrait::dictItem[291] SQL(9ms) select * from `vlss_scene_group` where `app_id` = 1 and `state` in (1) limit 5000
2017-03-17 17:54:38 [DEBUG] app\api\GraphQL\VlssSceneGroup::app\api\GraphQL\{closure}[57] id:1,state:[1,2],tmp:[1,2]
2017-03-17 17:54:38 [DEBUG] app\api\GraphQL\VlssSceneGroup::app\api\GraphQL\{closure}[57] id:2,state:[1,2],tmp:[1,2]
2017-03-17 17:54:38 [DEBUG] app\api\GraphQL\VlssSceneGroup::app\api\GraphQL\{closure}[57] id:3,state:[1,2],tmp:[1,2]
2017-03-17 17:54:38 [DEBUG] app\api\GraphQL\VlssSceneGroup::app\api\GraphQL\{closure}[57] id:4,state:[1,2],tmp:[1,2]
2017-03-17 17:54:45 [DEBUG] TinyWeb\Traits\OrmTrait::dictItem[291] SQL(10ms) select * from `vlss_scene_group` where `app_id` = 1 and `state` in (1) limit 5000
2017-03-17 17:54:45 [DEBUG] app\api\GraphQL\VlssSceneGroup::app\api\GraphQL\{closure}[57] id:1,state:[1,2],tmp:[1,2]
2017-03-17 17:54:45 [DEBUG] app\api\GraphQL\VlssSceneGroup::app\api\GraphQL\{closure}[57] id:2,state:[1,2],tmp:[1,2]
2017-03-17 17:54:45 [DEBUG] app\api\GraphQL\VlssSceneGroup::app\api\GraphQL\{closure}[57] id:3,state:[1,2],tmp:[1,2]
2017-03-17 17:54:45 [DEBUG] app\api\GraphQL\VlssSceneGroup::app\api\GraphQL\{closure}[57] id:4,state:[1,2],tmp:[1,2]
2017-03-17 17:54:48 [DEBUG] TinyWeb\Traits\OrmTrait::dictItem[291] SQL(10ms) select * from `vlss_scene_group` where `app_id` = 1 and `state` in (1) limit 5000
2017-03-17 17:54:48 [DEBUG] app\api\GraphQL\VlssSceneGroup::app\api\GraphQL\{closure}[57] id:1,state:[1,2],tmp:[1,2]
2017-03-17 17:54:48 [DEBUG] app\api\GraphQL\VlssSceneGroup::app\api\GraphQL\{closure}[57] id:2,state:[1,2],tmp:[1,2]
2017-03-17 17:54:48 [DEBUG] app\api\GraphQL\VlssSceneGroup::app\api\GraphQL\{closure}[57] id:3,state:[1,2],tmp:[1,2]
2017-03-17 17:54:48 [DEBUG] app\api\GraphQL\VlssSceneGroup::app\api\GraphQL\{closure}[57] id:4,state:[1,2],tmp:[1,2]
2017-03-17 17:56:06 [DEBUG] TinyWeb\Traits\OrmTrait::dictItem[291] SQL(14ms) select * from `vlss_scene_group` where `app_id` = 1 and `state` in (1) limit 5000
2017-03-17 17:56:06 [DEBUG] app\api\GraphQL\VlssSceneGroup::app\api\GraphQL\{closure}[57] id:1,state:[1,2],tmp:{"1":{"id":1,"group_id":1,"scene_name":"\u9884\u544a","scene_config":{"position":"2","interval":"5","contents":[{"title1":"11","image":"http:\/\/1436.long-vod.cdn.aodianyun.com\/mfs\/1436\/wis\/0x0\/81f56530c3c655ab4d499d02178ce89f.png","title2":"112323"},{"title1":"\u82b1","image":"http:\/\/1436.long-vod.cdn.aodianyun.com\/mfs\/1436\/wis\/0x0\/bc61e36619c8807f7c09e28d43001e43.png","title2":"\u9b42\u7275\u68a6\u8426 "},{"title1":"\u5de6","image":"http:\/\/1436.long-vod.cdn.aodianyun.com\/mfs\/1436\/wis\/0x0\/90ce8a80effd29abb5c69bee8be66172.png","title2":"\u6211"}],"scene_type":"hsms-trailer"},"scene_type":"hsms-trailer","scene_sort":2,"state":1,"create_time":"2017-03-16 16:08:20","uptime":"2017-03-16 16:09:22"},"2":{"id":2,"group_id":1,"scene_name":"\u56fe\u7247","scene_config":{"src":"http:\/\/1436.long-vod.cdn.aodianyun.com\/mfs\/1436\/wis\/0x0\/0be50bc3a2cdbc1987b598d36e4a946e.png","style":{"opacity":"1","width":"20%","top":"26%","height":"10%","left":"39%"},"scene_type":"hsms-logo"},"scene_type":"hsms-logo","scene_sort":3,"state":1,"create_time":"2017-03-16 16:08:20","uptime":"2017-03-16 16:09:22"},"3":{"id":3,"group_id":1,"scene_name":"\u5b57\u5e55","scene_config":{"fixedText":{"color":"#1DCD9C","text":"\u7c89\u8272\u7c89\u8272","shadow":"0","align":"left"},"backgound":"http:\/\/1436.long-vod.cdn.aodianyun.com\/mfs\/1436\/wis\/0x0\/8fb26f08142738c4a7e5115252f328fb.png","scrollText":{"color":"#AB102D","text":"\u5927\u5bb6\u90fd\u5173\u6ce8\u4e00\u4e0b","shadow":"0","speed":"40","scrollTimes":"0"},"scene_type":"hsms-subtitle"},"scene_type":"hsms-subtitle","scene_sort":3,"state":1,"create_time":"2017-03-16 16:08:20","uptime":"2017-03-16 16:09:22"}}
2017-03-17 17:56:06 [DEBUG] app\api\GraphQL\VlssSceneGroup::app\api\GraphQL\{closure}[57] id:2,state:[1,2],tmp:[]
2017-03-17 17:56:06 [DEBUG] app\api\GraphQL\VlssSceneGroup::app\api\GraphQL\{closure}[57] id:3,state:[1,2],tmp:[]
2017-03-17 17:56:06 [DEBUG] app\api\GraphQL\VlssSceneGroup::app\api\GraphQL\{closure}[57] id:4,state:[1,2],tmp:[]
2017-03-17 17:56:14 [DEBUG] TinyWeb\Traits\OrmTrait::dictItem[291] SQL(8ms) select * from `vlss_scene_group` where `app_id` = 1 and `state` in (1) limit 5000
2017-03-17 17:56:14 [DEBUG] app\api\GraphQL\VlssSceneGroup::app\api\GraphQL\{closure}[57] id:1,state:[1,2],tmp:{"1":{"id":1,"group_id":1,"scene_name":"\u9884\u544a","scene_config":{"position":"2","interval":"5","contents":[{"title1":"11","image":"http:\/\/1436.long-vod.cdn.aodianyun.com\/mfs\/1436\/wis\/0x0\/81f56530c3c655ab4d499d02178ce89f.png","title2":"112323"},{"title1":"\u82b1","image":"http:\/\/1436.long-vod.cdn.aodianyun.com\/mfs\/1436\/wis\/0x0\/bc61e36619c8807f7c09e28d43001e43.png","title2":"\u9b42\u7275\u68a6\u8426 "},{"title1":"\u5de6","image":"http:\/\/1436.long-vod.cdn.aodianyun.com\/mfs\/1436\/wis\/0x0\/90ce8a80effd29abb5c69bee8be66172.png","title2":"\u6211"}],"scene_type":"hsms-trailer"},"scene_type":"hsms-trailer","scene_sort":2,"state":1,"create_time":"2017-03-16 16:08:20","uptime":"2017-03-16 16:09:22"},"2":{"id":2,"group_id":1,"scene_name":"\u56fe\u7247","scene_config":{"src":"http:\/\/1436.long-vod.cdn.aodianyun.com\/mfs\/1436\/wis\/0x0\/0be50bc3a2cdbc1987b598d36e4a946e.png","style":{"opacity":"1","width":"20%","top":"26%","height":"10%","left":"39%"},"scene_type":"hsms-logo"},"scene_type":"hsms-logo","scene_sort":3,"state":1,"create_time":"2017-03-16 16:08:20","uptime":"2017-03-16 16:09:22"},"3":{"id":3,"group_id":1,"scene_name":"\u5b57\u5e55","scene_config":{"fixedText":{"color":"#1DCD9C","text":"\u7c89\u8272\u7c89\u8272","shadow":"0","align":"left"},"backgound":"http:\/\/1436.long-vod.cdn.aodianyun.com\/mfs\/1436\/wis\/0x0\/8fb26f08142738c4a7e5115252f328fb.png","scrollText":{"color":"#AB102D","text":"\u5927\u5bb6\u90fd\u5173\u6ce8\u4e00\u4e0b","shadow":"0","speed":"40","scrollTimes":"0"},"scene_type":"hsms-subtitle"},"scene_type":"hsms-subtitle","scene_sort":3,"state":1,"create_time":"2017-03-16 16:08:20","uptime":"2017-03-16 16:09:22"}}
2017-03-17 17:56:14 [DEBUG] app\api\GraphQL\VlssSceneGroup::app\api\GraphQL\{closure}[57] id:2,state:[1,2],tmp:[]
2017-03-17 17:56:14 [DEBUG] app\api\GraphQL\VlssSceneGroup::app\api\GraphQL\{closure}[57] id:3,state:[1,2],tmp:[]
2017-03-17 17:56:14 [DEBUG] app\api\GraphQL\VlssSceneGroup::app\api\GraphQL\{closure}[57] id:4,state:[1,2],tmp:[]
2017-03-17 17:56:19 [DEBUG] TinyWeb\Traits\OrmTrait::dictItem[291] SQL(8ms) select * from `vlss_scene_group` where `app_id` = 1 and `state` in (1) limit 5000
2017-03-17 17:56:19 [DEBUG] app\api\GraphQL\VlssSceneGroup::app\api\GraphQL\{closure}[57] id:1,state:[1,2],tmp:{"1":{"id":1,"group_id":1,"scene_name":"\u9884\u544a","scene_config":{"position":"2","interval":"5","contents":[{"title1":"11","image":"http:\/\/1436.long-vod.cdn.aodianyun.com\/mfs\/1436\/wis\/0x0\/81f56530c3c655ab4d499d02178ce89f.png","title2":"112323"},{"title1":"\u82b1","image":"http:\/\/1436.long-vod.cdn.aodianyun.com\/mfs\/1436\/wis\/0x0\/bc61e36619c8807f7c09e28d43001e43.png","title2":"\u9b42\u7275\u68a6\u8426 "},{"title1":"\u5de6","image":"http:\/\/1436.long-vod.cdn.aodianyun.com\/mfs\/1436\/wis\/0x0\/90ce8a80effd29abb5c69bee8be66172.png","title2":"\u6211"}],"scene_type":"hsms-trailer"},"scene_type":"hsms-trailer","scene_sort":2,"state":1,"create_time":"2017-03-16 16:08:20","uptime":"2017-03-16 16:09:22"},"2":{"id":2,"group_id":1,"scene_name":"\u56fe\u7247","scene_config":{"src":"http:\/\/1436.long-vod.cdn.aodianyun.com\/mfs\/1436\/wis\/0x0\/0be50bc3a2cdbc1987b598d36e4a946e.png","style":{"opacity":"1","width":"20%","top":"26%","height":"10%","left":"39%"},"scene_type":"hsms-logo"},"scene_type":"hsms-logo","scene_sort":3,"state":1,"create_time":"2017-03-16 16:08:20","uptime":"2017-03-16 16:09:22"},"3":{"id":3,"group_id":1,"scene_name":"\u5b57\u5e55","scene_config":{"fixedText":{"color":"#1DCD9C","text":"\u7c89\u8272\u7c89\u8272","shadow":"0","align":"left"},"backgound":"http:\/\/1436.long-vod.cdn.aodianyun.com\/mfs\/1436\/wis\/0x0\/8fb26f08142738c4a7e5115252f328fb.png","scrollText":{"color":"#AB102D","text":"\u5927\u5bb6\u90fd\u5173\u6ce8\u4e00\u4e0b","shadow":"0","speed":"40","scrollTimes":"0"},"scene_type":"hsms-subtitle"},"scene_type":"hsms-subtitle","scene_sort":3,"state":1,"create_time":"2017-03-16 16:08:20","uptime":"2017-03-16 16:09:22"}}
2017-03-17 17:56:19 [DEBUG] app\api\GraphQL\VlssSceneGroup::app\api\GraphQL\{closure}[57] id:2,state:[1,2],tmp:[]
2017-03-17 17:56:19 [DEBUG] app\api\GraphQL\VlssSceneGroup::app\api\GraphQL\{closure}[57] id:3,state:[1,2],tmp:[]
2017-03-17 17:56:19 [DEBUG] app\api\GraphQL\VlssSceneGroup::app\api\GraphQL\{closure}[57] id:4,state:[1,2],tmp:[]
2017-03-17 17:56:52 [DEBUG] TinyWeb\Traits\OrmTrait::dictItem[291] SQL(10ms) select * from `vlss_scene_group` where `app_id` = 1 and `state` in (1) limit 5000
2017-03-17 17:56:52 [DEBUG] app\api\GraphQL\VlssSceneGroup::app\api\GraphQL\{closure}[57] id:1,state:[1,2],tmp:{"1":{"id":1,"group_id":1,"scene_name":"\u9884\u544a","scene_config":{"position":"2","interval":"5","contents":[{"title1":"11","image":"http:\/\/1436.long-vod.cdn.aodianyun.com\/mfs\/1436\/wis\/0x0\/81f56530c3c655ab4d499d02178ce89f.png","title2":"112323"},{"title1":"\u82b1","image":"http:\/\/1436.long-vod.cdn.aodianyun.com\/mfs\/1436\/wis\/0x0\/bc61e36619c8807f7c09e28d43001e43.png","title2":"\u9b42\u7275\u68a6\u8426 "},{"title1":"\u5de6","image":"http:\/\/1436.long-vod.cdn.aodianyun.com\/mfs\/1436\/wis\/0x0\/90ce8a80effd29abb5c69bee8be66172.png","title2":"\u6211"}],"scene_type":"hsms-trailer"},"scene_type":"hsms-trailer","scene_sort":2,"state":1,"create_time":"2017-03-16 16:08:20","uptime":"2017-03-16 16:09:22"},"2":{"id":2,"group_id":1,"scene_name":"\u56fe\u7247","scene_config":{"src":"http:\/\/1436.long-vod.cdn.aodianyun.com\/mfs\/1436\/wis\/0x0\/0be50bc3a2cdbc1987b598d36e4a946e.png","style":{"opacity":"1","width":"20%","top":"26%","height":"10%","left":"39%"},"scene_type":"hsms-logo"},"scene_type":"hsms-logo","scene_sort":3,"state":1,"create_time":"2017-03-16 16:08:20","uptime":"2017-03-16 16:09:22"},"3":{"id":3,"group_id":1,"scene_name":"\u5b57\u5e55","scene_config":{"fixedText":{"color":"#1DCD9C","text":"\u7c89\u8272\u7c89\u8272","shadow":"0","align":"left"},"backgound":"http:\/\/1436.long-vod.cdn.aodianyun.com\/mfs\/1436\/wis\/0x0\/8fb26f08142738c4a7e5115252f328fb.png","scrollText":{"color":"#AB102D","text":"\u5927\u5bb6\u90fd\u5173\u6ce8\u4e00\u4e0b","shadow":"0","speed":"40","scrollTimes":"0"},"scene_type":"hsms-subtitle"},"scene_type":"hsms-subtitle","scene_sort":3,"state":1,"create_time":"2017-03-16 16:08:20","uptime":"2017-03-16 16:09:22"}}
2017-03-17 17:56:52 [DEBUG] app\api\GraphQL\VlssSceneGroup::app\api\GraphQL\{closure}[57] id:2,state:[1,2],tmp:[]
2017-03-17 17:56:52 [DEBUG] app\api\GraphQL\VlssSceneGroup::app\api\GraphQL\{closure}[57] id:3,state:[1,2],tmp:[]
2017-03-17 17:56:52 [DEBUG] app\api\GraphQL\VlssSceneGroup::app\api\GraphQL\{closure}[57] id:4,state:[1,2],tmp:[]
2017-03-17 17:56:55 [DEBUG] TinyWeb\Traits\OrmTrait::dictItem[291] SQL(10ms) select * from `vlss_scene_group` where `app_id` = 1 and `state` in (1) limit 5000
2017-03-17 17:56:55 [DEBUG] app\api\GraphQL\VlssSceneGroup::app\api\GraphQL\{closure}[57] id:1,state:[1,2],tmp:{"1":{"id":1,"group_id":1,"scene_name":"\u9884\u544a","scene_config":{"position":"2","interval":"5","contents":[{"title1":"11","image":"http:\/\/1436.long-vod.cdn.aodianyun.com\/mfs\/1436\/wis\/0x0\/81f56530c3c655ab4d499d02178ce89f.png","title2":"112323"},{"title1":"\u82b1","image":"http:\/\/1436.long-vod.cdn.aodianyun.com\/mfs\/1436\/wis\/0x0\/bc61e36619c8807f7c09e28d43001e43.png","title2":"\u9b42\u7275\u68a6\u8426 "},{"title1":"\u5de6","image":"http:\/\/1436.long-vod.cdn.aodianyun.com\/mfs\/1436\/wis\/0x0\/90ce8a80effd29abb5c69bee8be66172.png","title2":"\u6211"}],"scene_type":"hsms-trailer"},"scene_type":"hsms-trailer","scene_sort":2,"state":1,"create_time":"2017-03-16 16:08:20","uptime":"2017-03-16 16:09:22"},"2":{"id":2,"group_id":1,"scene_name":"\u56fe\u7247","scene_config":{"src":"http:\/\/1436.long-vod.cdn.aodianyun.com\/mfs\/1436\/wis\/0x0\/0be50bc3a2cdbc1987b598d36e4a946e.png","style":{"opacity":"1","width":"20%","top":"26%","height":"10%","left":"39%"},"scene_type":"hsms-logo"},"scene_type":"hsms-logo","scene_sort":3,"state":1,"create_time":"2017-03-16 16:08:20","uptime":"2017-03-16 16:09:22"},"3":{"id":3,"group_id":1,"scene_name":"\u5b57\u5e55","scene_config":{"fixedText":{"color":"#1DCD9C","text":"\u7c89\u8272\u7c89\u8272","shadow":"0","align":"left"},"backgound":"http:\/\/1436.long-vod.cdn.aodianyun.com\/mfs\/1436\/wis\/0x0\/8fb26f08142738c4a7e5115252f328fb.png","scrollText":{"color":"#AB102D","text":"\u5927\u5bb6\u90fd\u5173\u6ce8\u4e00\u4e0b","shadow":"0","speed":"40","scrollTimes":"0"},"scene_type":"hsms-subtitle"},"scene_type":"hsms-subtitle","scene_sort":3,"state":1,"create_time":"2017-03-16 16:08:20","uptime":"2017-03-16 16:09:22"}}
2017-03-17 17:56:55 [DEBUG] app\api\GraphQL\VlssSceneGroup::app\api\GraphQL\{closure}[57] id:2,state:[1,2],tmp:[]
2017-03-17 17:56:55 [DEBUG] app\api\GraphQL\VlssSceneGroup::app\api\GraphQL\{closure}[57] id:3,state:[1,2],tmp:[]
2017-03-17 17:56:55 [DEBUG] app\api\GraphQL\VlssSceneGroup::app\api\GraphQL\{closure}[57] id:4,state:[1,2],tmp:[]
2017-03-17 17:57:00 [DEBUG] TinyWeb\Traits\OrmTrait::dictItem[291] SQL(7ms) select * from `vlss_scene_group` where `app_id` = 1 and `state` in (1) limit 5000
2017-03-17 17:57:00 [DEBUG] app\api\GraphQL\VlssSceneGroup::app\api\GraphQL\{closure}[57] id:1,state:[1,2],tmp:{"1":{"id":1,"group_id":1,"scene_name":"\u9884\u544a","scene_config":{"position":"2","interval":"5","contents":[{"title1":"11","image":"http:\/\/1436.long-vod.cdn.aodianyun.com\/mfs\/1436\/wis\/0x0\/81f56530c3c655ab4d499d02178ce89f.png","title2":"112323"},{"title1":"\u82b1","image":"http:\/\/1436.long-vod.cdn.aodianyun.com\/mfs\/1436\/wis\/0x0\/bc61e36619c8807f7c09e28d43001e43.png","title2":"\u9b42\u7275\u68a6\u8426 "},{"title1":"\u5de6","image":"http:\/\/1436.long-vod.cdn.aodianyun.com\/mfs\/1436\/wis\/0x0\/90ce8a80effd29abb5c69bee8be66172.png","title2":"\u6211"}],"scene_type":"hsms-trailer"},"scene_type":"hsms-trailer","scene_sort":2,"state":1,"create_time":"2017-03-16 16:08:20","uptime":"2017-03-16 16:09:22"},"2":{"id":2,"group_id":1,"scene_name":"\u56fe\u7247","scene_config":{"src":"http:\/\/1436.long-vod.cdn.aodianyun.com\/mfs\/1436\/wis\/0x0\/0be50bc3a2cdbc1987b598d36e4a946e.png","style":{"opacity":"1","width":"20%","top":"26%","height":"10%","left":"39%"},"scene_type":"hsms-logo"},"scene_type":"hsms-logo","scene_sort":3,"state":1,"create_time":"2017-03-16 16:08:20","uptime":"2017-03-16 16:09:22"},"3":{"id":3,"group_id":1,"scene_name":"\u5b57\u5e55","scene_config":{"fixedText":{"color":"#1DCD9C","text":"\u7c89\u8272\u7c89\u8272","shadow":"0","align":"left"},"backgound":"http:\/\/1436.long-vod.cdn.aodianyun.com\/mfs\/1436\/wis\/0x0\/8fb26f08142738c4a7e5115252f328fb.png","scrollText":{"color":"#AB102D","text":"\u5927\u5bb6\u90fd\u5173\u6ce8\u4e00\u4e0b","shadow":"0","speed":"40","scrollTimes":"0"},"scene_type":"hsms-subtitle"},"scene_type":"hsms-subtitle","scene_sort":3,"state":1,"create_time":"2017-03-16 16:08:20","uptime":"2017-03-16 16:09:22"}}
2017-03-17 17:57:00 [DEBUG] app\api\GraphQL\VlssSceneGroup::app\api\GraphQL\{closure}[57] id:2,state:[1,2],tmp:[]
2017-03-17 17:57:00 [DEBUG] app\api\GraphQL\VlssSceneGroup::app\api\GraphQL\{closure}[57] id:3,state:[1,2],tmp:[]
2017-03-17 17:57:00 [DEBUG] app\api\GraphQL\VlssSceneGroup::app\api\GraphQL\{closure}[57] id:4,state:[1,2],tmp:[]
2017-03-17 17:57:03 [DEBUG] TinyWeb\Traits\OrmTrait::dictItem[291] SQL(9ms) select * from `vlss_scene_group` where `app_id` = 1 and `state` in (1) limit 5000
2017-03-17 17:57:03 [DEBUG] app\api\GraphQL\VlssSceneGroup::app\api\GraphQL\{closure}[57] id:1,state:[1,2],tmp:{"1":{"id":1,"group_id":1,"scene_name":"\u9884\u544a","scene_config":{"position":"2","interval":"5","contents":[{"title1":"11","image":"http:\/\/1436.long-vod.cdn.aodianyun.com\/mfs\/1436\/wis\/0x0\/81f56530c3c655ab4d499d02178ce89f.png","title2":"112323"},{"title1":"\u82b1","image":"http:\/\/1436.long-vod.cdn.aodianyun.com\/mfs\/1436\/wis\/0x0\/bc61e36619c8807f7c09e28d43001e43.png","title2":"\u9b42\u7275\u68a6\u8426 "},{"title1":"\u5de6","image":"http:\/\/1436.long-vod.cdn.aodianyun.com\/mfs\/1436\/wis\/0x0\/90ce8a80effd29abb5c69bee8be66172.png","title2":"\u6211"}],"scene_type":"hsms-trailer"},"scene_type":"hsms-trailer","scene_sort":2,"state":1,"create_time":"2017-03-16 16:08:20","uptime":"2017-03-16 16:09:22"},"2":{"id":2,"group_id":1,"scene_name":"\u56fe\u7247","scene_config":{"src":"http:\/\/1436.long-vod.cdn.aodianyun.com\/mfs\/1436\/wis\/0x0\/0be50bc3a2cdbc1987b598d36e4a946e.png","style":{"opacity":"1","width":"20%","top":"26%","height":"10%","left":"39%"},"scene_type":"hsms-logo"},"scene_type":"hsms-logo","scene_sort":3,"state":1,"create_time":"2017-03-16 16:08:20","uptime":"2017-03-16 16:09:22"},"3":{"id":3,"group_id":1,"scene_name":"\u5b57\u5e55","scene_config":{"fixedText":{"color":"#1DCD9C","text":"\u7c89\u8272\u7c89\u8272","shadow":"0","align":"left"},"backgound":"http:\/\/1436.long-vod.cdn.aodianyun.com\/mfs\/1436\/wis\/0x0\/8fb26f08142738c4a7e5115252f328fb.png","scrollText":{"color":"#AB102D","text":"\u5927\u5bb6\u90fd\u5173\u6ce8\u4e00\u4e0b","shadow":"0","speed":"40","scrollTimes":"0"},"scene_type":"hsms-subtitle"},"scene_type":"hsms-subtitle","scene_sort":3,"state":1,"create_time":"2017-03-16 16:08:20","uptime":"2017-03-16 16:09:22"}}
2017-03-17 17:57:03 [DEBUG] app\api\GraphQL\VlssSceneGroup::app\api\GraphQL\{closure}[57] id:2,state:[1,2],tmp:[]
2017-03-17 17:57:03 [DEBUG] app\api\GraphQL\VlssSceneGroup::app\api\GraphQL\{closure}[57] id:3,state:[1,2],tmp:[]
2017-03-17 17:57:03 [DEBUG] app\api\GraphQL\VlssSceneGroup::app\api\GraphQL\{closure}[57] id:4,state:[1,2],tmp:[]
2017-03-17 18:00:42 [DEBUG] TinyWeb\Traits\OrmTrait::dictItem[291] SQL(11ms) select * from `vlss_scene_group` where `app_id` = 1 and `state` in (1) limit 5000
2017-03-17 18:00:42 [DEBUG] app\api\GraphQL\VlssSceneGroup::app\api\GraphQL\{closure}[57] id:1,state:[1,2],tmp:{"1":{"id":1,"group_id":1,"scene_name":"\u9884\u544a","scene_config":{"position":"2","interval":"5","contents":[{"title1":"11","image":"http:\/\/1436.long-vod.cdn.aodianyun.com\/mfs\/1436\/wis\/0x0\/81f56530c3c655ab4d499d02178ce89f.png","title2":"112323"},{"title1":"\u82b1","image":"http:\/\/1436.long-vod.cdn.aodianyun.com\/mfs\/1436\/wis\/0x0\/bc61e36619c8807f7c09e28d43001e43.png","title2":"\u9b42\u7275\u68a6\u8426 "},{"title1":"\u5de6","image":"http:\/\/1436.long-vod.cdn.aodianyun.com\/mfs\/1436\/wis\/0x0\/90ce8a80effd29abb5c69bee8be66172.png","title2":"\u6211"}],"scene_type":"hsms-trailer"},"scene_type":"hsms-trailer","scene_sort":2,"state":1,"create_time":"2017-03-16 16:08:20","uptime":"2017-03-16 16:09:22"},"2":{"id":2,"group_id":1,"scene_name":"\u56fe\u7247","scene_config":{"src":"http:\/\/1436.long-vod.cdn.aodianyun.com\/mfs\/1436\/wis\/0x0\/0be50bc3a2cdbc1987b598d36e4a946e.png","style":{"opacity":"1","width":"20%","top":"26%","height":"10%","left":"39%"},"scene_type":"hsms-logo"},"scene_type":"hsms-logo","scene_sort":3,"state":1,"create_time":"2017-03-16 16:08:20","uptime":"2017-03-16 16:09:22"},"3":{"id":3,"group_id":1,"scene_name":"\u5b57\u5e55","scene_config":{"fixedText":{"color":"#1DCD9C","text":"\u7c89\u8272\u7c89\u8272","shadow":"0","align":"left"},"backgound":"http:\/\/1436.long-vod.cdn.aodianyun.com\/mfs\/1436\/wis\/0x0\/8fb26f08142738c4a7e5115252f328fb.png","scrollText":{"color":"#AB102D","text":"\u5927\u5bb6\u90fd\u5173\u6ce8\u4e00\u4e0b","shadow":"0","speed":"40","scrollTimes":"0"},"scene_type":"hsms-subtitle"},"scene_type":"hsms-subtitle","scene_sort":3,"state":1,"create_time":"2017-03-16 16:08:20","uptime":"2017-03-16 16:09:22"}}
2017-03-17 18:00:42 [DEBUG] app\api\GraphQL\VlssSceneGroup::app\api\GraphQL\{closure}[57] id:2,state:[1,2],tmp:[]
2017-03-17 18:00:42 [DEBUG] app\api\GraphQL\VlssSceneGroup::app\api\GraphQL\{closure}[57] id:3,state:[1,2],tmp:[]
2017-03-17 18:00:42 [DEBUG] app\api\GraphQL\VlssSceneGroup::app\api\GraphQL\{closure}[57] id:4,state:[1,2],tmp:[]
2017-03-17 18:00:49 [DEBUG] TinyWeb\Traits\OrmTrait::dictItem[291] SQL(10ms) select * from `vlss_scene_group` where `app_id` = 1 and `state` in (1) limit 5000
2017-03-17 18:00:49 [DEBUG] app\api\GraphQL\VlssSceneGroup::app\api\GraphQL\{closure}[57] id:1,state:[1,2],tmp:{"1":{"id":1,"group_id":1,"scene_name":"\u9884\u544a","scene_config":{"position":"2","interval":"5","contents":[{"title1":"11","image":"http:\/\/1436.long-vod.cdn.aodianyun.com\/mfs\/1436\/wis\/0x0\/81f56530c3c655ab4d499d02178ce89f.png","title2":"112323"},{"title1":"\u82b1","image":"http:\/\/1436.long-vod.cdn.aodianyun.com\/mfs\/1436\/wis\/0x0\/bc61e36619c8807f7c09e28d43001e43.png","title2":"\u9b42\u7275\u68a6\u8426 "},{"title1":"\u5de6","image":"http:\/\/1436.long-vod.cdn.aodianyun.com\/mfs\/1436\/wis\/0x0\/90ce8a80effd29abb5c69bee8be66172.png","title2":"\u6211"}],"scene_type":"hsms-trailer"},"scene_type":"hsms-trailer","scene_sort":2,"state":1,"create_time":"2017-03-16 16:08:20","uptime":"2017-03-16 16:09:22"},"2":{"id":2,"group_id":1,"scene_name":"\u56fe\u7247","scene_config":{"src":"http:\/\/1436.long-vod.cdn.aodianyun.com\/mfs\/1436\/wis\/0x0\/0be50bc3a2cdbc1987b598d36e4a946e.png","style":{"opacity":"1","width":"20%","top":"26%","height":"10%","left":"39%"},"scene_type":"hsms-logo"},"scene_type":"hsms-logo","scene_sort":3,"state":1,"create_time":"2017-03-16 16:08:20","uptime":"2017-03-16 16:09:22"},"3":{"id":3,"group_id":1,"scene_name":"\u5b57\u5e55","scene_config":{"fixedText":{"color":"#1DCD9C","text":"\u7c89\u8272\u7c89\u8272","shadow":"0","align":"left"},"backgound":"http:\/\/1436.long-vod.cdn.aodianyun.com\/mfs\/1436\/wis\/0x0\/8fb26f08142738c4a7e5115252f328fb.png","scrollText":{"color":"#AB102D","text":"\u5927\u5bb6\u90fd\u5173\u6ce8\u4e00\u4e0b","shadow":"0","speed":"40","scrollTimes":"0"},"scene_type":"hsms-subtitle"},"scene_type":"hsms-subtitle","scene_sort":3,"state":1,"create_time":"2017-03-16 16:08:20","uptime":"2017-03-16 16:09:22"}}
2017-03-17 18:00:49 [DEBUG] app\api\GraphQL\VlssSceneGroup::app\api\GraphQL\{closure}[57] id:2,state:[1,2],tmp:[]
2017-03-17 18:00:49 [DEBUG] app\api\GraphQL\VlssSceneGroup::app\api\GraphQL\{closure}[57] id:3,state:[1,2],tmp:[]
2017-03-17 18:00:49 [DEBUG] app\api\GraphQL\VlssSceneGroup::app\api\GraphQL\{closure}[57] id:4,state:[1,2],tmp:[]
2017-03-17 18:00:54 [DEBUG] TinyWeb\Traits\OrmTrait::dictItem[291] SQL(9ms) select * from `vlss_scene_group` where `app_id` = 1 and `state` in (1) limit 5000
2017-03-17 18:00:54 [DEBUG] app\api\GraphQL\VlssSceneGroup::app\api\GraphQL\{closure}[57] id:1,state:[1,2],tmp:{"1":{"id":1,"group_id":1,"scene_name":"\u9884\u544a","scene_config":{"position":"2","interval":"5","contents":[{"title1":"11","image":"http:\/\/1436.long-vod.cdn.aodianyun.com\/mfs\/1436\/wis\/0x0\/81f56530c3c655ab4d499d02178ce89f.png","title2":"112323"},{"title1":"\u82b1","image":"http:\/\/1436.long-vod.cdn.aodianyun.com\/mfs\/1436\/wis\/0x0\/bc61e36619c8807f7c09e28d43001e43.png","title2":"\u9b42\u7275\u68a6\u8426 "},{"title1":"\u5de6","image":"http:\/\/1436.long-vod.cdn.aodianyun.com\/mfs\/1436\/wis\/0x0\/90ce8a80effd29abb5c69bee8be66172.png","title2":"\u6211"}],"scene_type":"hsms-trailer"},"scene_type":"hsms-trailer","scene_sort":2,"state":1,"create_time":"2017-03-16 16:08:20","uptime":"2017-03-16 16:09:22"},"2":{"id":2,"group_id":1,"scene_name":"\u56fe\u7247","scene_config":{"src":"http:\/\/1436.long-vod.cdn.aodianyun.com\/mfs\/1436\/wis\/0x0\/0be50bc3a2cdbc1987b598d36e4a946e.png","style":{"opacity":"1","width":"20%","top":"26%","height":"10%","left":"39%"},"scene_type":"hsms-logo"},"scene_type":"hsms-logo","scene_sort":3,"state":1,"create_time":"2017-03-16 16:08:20","uptime":"2017-03-16 16:09:22"},"3":{"id":3,"group_id":1,"scene_name":"\u5b57\u5e55","scene_config":{"fixedText":{"color":"#1DCD9C","text":"\u7c89\u8272\u7c89\u8272","shadow":"0","align":"left"},"backgound":"http:\/\/1436.long-vod.cdn.aodianyun.com\/mfs\/1436\/wis\/0x0\/8fb26f08142738c4a7e5115252f328fb.png","scrollText":{"color":"#AB102D","text":"\u5927\u5bb6\u90fd\u5173\u6ce8\u4e00\u4e0b","shadow":"0","speed":"40","scrollTimes":"0"},"scene_type":"hsms-subtitle"},"scene_type":"hsms-subtitle","scene_sort":3,"state":1,"create_time":"2017-03-16 16:08:20","uptime":"2017-03-16 16:09:22"}}
2017-03-17 18:00:54 [DEBUG] app\api\GraphQL\VlssSceneGroup::app\api\GraphQL\{closure}[57] id:2,state:[1,2],tmp:[]
2017-03-17 18:00:54 [DEBUG] app\api\GraphQL\VlssSceneGroup::app\api\GraphQL\{closure}[57] id:3,state:[1,2],tmp:[]
2017-03-17 18:00:54 [DEBUG] app\api\GraphQL\VlssSceneGroup::app\api\GraphQL\{closure}[57] id:4,state:[1,2],tmp:[]
2017-03-17 18:21:00 [DEBUG] TinyWeb\Traits\OrmTrait::dictItem[294] SQL(9ms) select * from `vlss_scene_group` where `app_id` = 1 and `state` in (1) limit 5000
2017-03-17 18:21:01 [DEBUG] app\api\GraphQL\VlssSceneGroup::app\api\GraphQL\{closure}[57] id:1,state:[1,2],tmp:{"1":{"id":1,"group_id":1,"scene_name":"\u9884\u544a","scene_config":{"position":"2","interval":"5","contents":[{"title1":"11","image":"http:\/\/1436.long-vod.cdn.aodianyun.com\/mfs\/1436\/wis\/0x0\/81f56530c3c655ab4d499d02178ce89f.png","title2":"112323"},{"title1":"\u82b1","image":"http:\/\/1436.long-vod.cdn.aodianyun.com\/mfs\/1436\/wis\/0x0\/bc61e36619c8807f7c09e28d43001e43.png","title2":"\u9b42\u7275\u68a6\u8426 "},{"title1":"\u5de6","image":"http:\/\/1436.long-vod.cdn.aodianyun.com\/mfs\/1436\/wis\/0x0\/90ce8a80effd29abb5c69bee8be66172.png","title2":"\u6211"}],"scene_type":"hsms-trailer"},"scene_type":"hsms-trailer","scene_sort":2,"state":1,"create_time":"2017-03-16 16:08:20","uptime":"2017-03-16 16:09:22"},"2":{"id":2,"group_id":1,"scene_name":"\u56fe\u7247","scene_config":{"src":"http:\/\/1436.long-vod.cdn.aodianyun.com\/mfs\/1436\/wis\/0x0\/0be50bc3a2cdbc1987b598d36e4a946e.png","style":{"opacity":"1","width":"20%","top":"26%","height":"10%","left":"39%"},"scene_type":"hsms-logo"},"scene_type":"hsms-logo","scene_sort":3,"state":1,"create_time":"2017-03-16 16:08:20","uptime":"2017-03-16 16:09:22"},"3":{"id":3,"group_id":1,"scene_name":"\u5b57\u5e55","scene_config":{"fixedText":{"color":"#1DCD9C","text":"\u7c89\u8272\u7c89\u8272","shadow":"0","align":"left"},"backgound":"http:\/\/1436.long-vod.cdn.aodianyun.com\/mfs\/1436\/wis\/0x0\/8fb26f08142738c4a7e5115252f328fb.png","scrollText":{"color":"#AB102D","text":"\u5927\u5bb6\u90fd\u5173\u6ce8\u4e00\u4e0b","shadow":"0","speed":"40","scrollTimes":"0"},"scene_type":"hsms-subtitle"},"scene_type":"hsms-subtitle","scene_sort":3,"state":1,"create_time":"2017-03-16 16:08:20","uptime":"2017-03-16 16:09:22"}}
2017-03-17 18:21:01 [DEBUG] app\api\GraphQL\VlssSceneGroup::app\api\GraphQL\{closure}[57] id:2,state:[1,2],tmp:[]
2017-03-17 18:21:01 [DEBUG] app\api\GraphQL\VlssSceneGroup::app\api\GraphQL\{closure}[57] id:3,state:[1,2],tmp:[]
2017-03-17 18:21:01 [DEBUG] app\api\GraphQL\VlssSceneGroup::app\api\GraphQL\{closure}[57] id:4,state:[1,2],tmp:[]
2017-03-17 18:21:03 [DEBUG] TinyWeb\Traits\OrmTrait::dictItem[294] SQL(8ms) select * from `vlss_scene_group` where `app_id` = 1 and `state` in (1) limit 5000
2017-03-17 18:21:03 [DEBUG] app\api\GraphQL\VlssSceneGroup::app\api\GraphQL\{closure}[57] id:1,state:[1,2],tmp:{"1":{"id":1,"group_id":1,"scene_name":"\u9884\u544a","scene_config":{"position":"2","interval":"5","contents":[{"title1":"11","image":"http:\/\/1436.long-vod.cdn.aodianyun.com\/mfs\/1436\/wis\/0x0\/81f56530c3c655ab4d499d02178ce89f.png","title2":"112323"},{"title1":"\u82b1","image":"http:\/\/1436.long-vod.cdn.aodianyun.com\/mfs\/1436\/wis\/0x0\/bc61e36619c8807f7c09e28d43001e43.png","title2":"\u9b42\u7275\u68a6\u8426 "},{"title1":"\u5de6","image":"http:\/\/1436.long-vod.cdn.aodianyun.com\/mfs\/1436\/wis\/0x0\/90ce8a80effd29abb5c69bee8be66172.png","title2":"\u6211"}],"scene_type":"hsms-trailer"},"scene_type":"hsms-trailer","scene_sort":2,"state":1,"create_time":"2017-03-16 16:08:20","uptime":"2017-03-16 16:09:22"},"2":{"id":2,"group_id":1,"scene_name":"\u56fe\u7247","scene_config":{"src":"http:\/\/1436.long-vod.cdn.aodianyun.com\/mfs\/1436\/wis\/0x0\/0be50bc3a2cdbc1987b598d36e4a946e.png","style":{"opacity":"1","width":"20%","top":"26%","height":"10%","left":"39%"},"scene_type":"hsms-logo"},"scene_type":"hsms-logo","scene_sort":3,"state":1,"create_time":"2017-03-16 16:08:20","uptime":"2017-03-16 16:09:22"},"3":{"id":3,"group_id":1,"scene_name":"\u5b57\u5e55","scene_config":{"fixedText":{"color":"#1DCD9C","text":"\u7c89\u8272\u7c89\u8272","shadow":"0","align":"left"},"backgound":"http:\/\/1436.long-vod.cdn.aodianyun.com\/mfs\/1436\/wis\/0x0\/8fb26f08142738c4a7e5115252f328fb.png","scrollText":{"color":"#AB102D","text":"\u5927\u5bb6\u90fd\u5173\u6ce8\u4e00\u4e0b","shadow":"0","speed":"40","scrollTimes":"0"},"scene_type":"hsms-subtitle"},"scene_type":"hsms-subtitle","scene_sort":3,"state":1,"create_time":"2017-03-16 16:08:20","uptime":"2017-03-16 16:09:22"}}
2017-03-17 18:21:03 [DEBUG] app\api\GraphQL\VlssSceneGroup::app\api\GraphQL\{closure}[57] id:2,state:[1,2],tmp:[]
2017-03-17 18:21:03 [DEBUG] app\api\GraphQL\VlssSceneGroup::app\api\GraphQL\{closure}[57] id:3,state:[1,2],tmp:[]
2017-03-17 18:21:03 [DEBUG] app\api\GraphQL\VlssSceneGroup::app\api\GraphQL\{closure}[57] id:4,state:[1,2],tmp:[]
2017-03-17 18:23:28 [DEBUG] TinyWeb\Traits\OrmTrait::dictItem[294] SQL(8ms) select * from `vlss_scene_group` where `app_id` = 1 and `state` in (1) limit 5000
2017-03-17 18:23:28 [DEBUG] app\api\GraphQL\VlssSceneGroup::app\api\GraphQL\{closure}[57] id:1,state:[1,2],tmp:{"1":{"id":1,"group_id":1,"scene_name":"\u9884\u544a","scene_config":{"position":"2","interval":"5","contents":[{"title1":"11","image":"http:\/\/1436.long-vod.cdn.aodianyun.com\/mfs\/1436\/wis\/0x0\/81f56530c3c655ab4d499d02178ce89f.png","title2":"112323"},{"title1":"\u82b1","image":"http:\/\/1436.long-vod.cdn.aodianyun.com\/mfs\/1436\/wis\/0x0\/bc61e36619c8807f7c09e28d43001e43.png","title2":"\u9b42\u7275\u68a6\u8426 "},{"title1":"\u5de6","image":"http:\/\/1436.long-vod.cdn.aodianyun.com\/mfs\/1436\/wis\/0x0\/90ce8a80effd29abb5c69bee8be66172.png","title2":"\u6211"}],"scene_type":"hsms-trailer"},"scene_type":"hsms-trailer","scene_sort":2,"state":1,"create_time":"2017-03-16 16:08:20","uptime":"2017-03-16 16:09:22"},"2":{"id":2,"group_id":1,"scene_name":"\u56fe\u7247","scene_config":{"src":"http:\/\/1436.long-vod.cdn.aodianyun.com\/mfs\/1436\/wis\/0x0\/0be50bc3a2cdbc1987b598d36e4a946e.png","style":{"opacity":"1","width":"20%","top":"26%","height":"10%","left":"39%"},"scene_type":"hsms-logo"},"scene_type":"hsms-logo","scene_sort":3,"state":1,"create_time":"2017-03-16 16:08:20","uptime":"2017-03-16 16:09:22"},"3":{"id":3,"group_id":1,"scene_name":"\u5b57\u5e55","scene_config":{"fixedText":{"color":"#1DCD9C","text":"\u7c89\u8272\u7c89\u8272","shadow":"0","align":"left"},"backgound":"http:\/\/1436.long-vod.cdn.aodianyun.com\/mfs\/1436\/wis\/0x0\/8fb26f08142738c4a7e5115252f328fb.png","scrollText":{"color":"#AB102D","text":"\u5927\u5bb6\u90fd\u5173\u6ce8\u4e00\u4e0b","shadow":"0","speed":"40","scrollTimes":"0"},"scene_type":"hsms-subtitle"},"scene_type":"hsms-subtitle","scene_sort":3,"state":1,"create_time":"2017-03-16 16:08:20","uptime":"2017-03-16 16:09:22"}}
2017-03-17 18:23:28 [DEBUG] app\api\GraphQL\VlssSceneGroup::app\api\GraphQL\{closure}[57] id:2,state:[1,2],tmp:[]
2017-03-17 18:23:28 [DEBUG] app\api\GraphQL\VlssSceneGroup::app\api\GraphQL\{closure}[57] id:3,state:[1,2],tmp:[]
2017-03-17 18:23:28 [DEBUG] app\api\GraphQL\VlssSceneGroup::app\api\GraphQL\{closure}[57] id:4,state:[1,2],tmp:[]
2017-03-17 18:23:31 [DEBUG] TinyWeb\Traits\OrmTrait::dictItem[294] SQL(9ms) select * from `vlss_scene_group` where `app_id` = 1 and `state` in (1) limit 5000
2017-03-17 18:23:31 [DEBUG] app\api\GraphQL\VlssSceneGroup::app\api\GraphQL\{closure}[57] id:1,state:[1,2],tmp:{"1":{"id":1,"group_id":1,"scene_name":"\u9884\u544a","scene_config":{"position":"2","interval":"5","contents":[{"title1":"11","image":"http:\/\/1436.long-vod.cdn.aodianyun.com\/mfs\/1436\/wis\/0x0\/81f56530c3c655ab4d499d02178ce89f.png","title2":"112323"},{"title1":"\u82b1","image":"http:\/\/1436.long-vod.cdn.aodianyun.com\/mfs\/1436\/wis\/0x0\/bc61e36619c8807f7c09e28d43001e43.png","title2":"\u9b42\u7275\u68a6\u8426 "},{"title1":"\u5de6","image":"http:\/\/1436.long-vod.cdn.aodianyun.com\/mfs\/1436\/wis\/0x0\/90ce8a80effd29abb5c69bee8be66172.png","title2":"\u6211"}],"scene_type":"hsms-trailer"},"scene_type":"hsms-trailer","scene_sort":2,"state":1,"create_time":"2017-03-16 16:08:20","uptime":"2017-03-16 16:09:22"},"2":{"id":2,"group_id":1,"scene_name":"\u56fe\u7247","scene_config":{"src":"http:\/\/1436.long-vod.cdn.aodianyun.com\/mfs\/1436\/wis\/0x0\/0be50bc3a2cdbc1987b598d36e4a946e.png","style":{"opacity":"1","width":"20%","top":"26%","height":"10%","left":"39%"},"scene_type":"hsms-logo"},"scene_type":"hsms-logo","scene_sort":3,"state":1,"create_time":"2017-03-16 16:08:20","uptime":"2017-03-16 16:09:22"},"3":{"id":3,"group_id":1,"scene_name":"\u5b57\u5e55","scene_config":{"fixedText":{"color":"#1DCD9C","text":"\u7c89\u8272\u7c89\u8272","shadow":"0","align":"left"},"backgound":"http:\/\/1436.long-vod.cdn.aodianyun.com\/mfs\/1436\/wis\/0x0\/8fb26f08142738c4a7e5115252f328fb.png","scrollText":{"color":"#AB102D","text":"\u5927\u5bb6\u90fd\u5173\u6ce8\u4e00\u4e0b","shadow":"0","speed":"40","scrollTimes":"0"},"scene_type":"hsms-subtitle"},"scene_type":"hsms-subtitle","scene_sort":3,"state":1,"create_time":"2017-03-16 16:08:20","uptime":"2017-03-16 16:09:22"}}
2017-03-17 18:23:31 [DEBUG] app\api\GraphQL\VlssSceneGroup::app\api\GraphQL\{closure}[57] id:2,state:[1,2],tmp:[]
2017-03-17 18:23:31 [DEBUG] app\api\GraphQL\VlssSceneGroup::app\api\GraphQL\{closure}[57] id:3,state:[1,2],tmp:[]
2017-03-17 18:23:31 [DEBUG] app\api\GraphQL\VlssSceneGroup::app\api\GraphQL\{closure}[57] id:4,state:[1,2],tmp:[]
2017-03-17 18:23:32 [DEBUG] TinyWeb\Traits\OrmTrait::dictItem[294] SQL(10ms) select * from `vlss_scene_group` where `app_id` = 1 and `state` in (1) limit 5000
2017-03-17 18:23:32 [DEBUG] app\api\GraphQL\VlssSceneGroup::app\api\GraphQL\{closure}[57] id:1,state:[1,2],tmp:{"1":{"id":1,"group_id":1,"scene_name":"\u9884\u544a","scene_config":{"position":"2","interval":"5","contents":[{"title1":"11","image":"http:\/\/1436.long-vod.cdn.aodianyun.com\/mfs\/1436\/wis\/0x0\/81f56530c3c655ab4d499d02178ce89f.png","title2":"112323"},{"title1":"\u82b1","image":"http:\/\/1436.long-vod.cdn.aodianyun.com\/mfs\/1436\/wis\/0x0\/bc61e36619c8807f7c09e28d43001e43.png","title2":"\u9b42\u7275\u68a6\u8426 "},{"title1":"\u5de6","image":"http:\/\/1436.long-vod.cdn.aodianyun.com\/mfs\/1436\/wis\/0x0\/90ce8a80effd29abb5c69bee8be66172.png","title2":"\u6211"}],"scene_type":"hsms-trailer"},"scene_type":"hsms-trailer","scene_sort":2,"state":1,"create_time":"2017-03-16 16:08:20","uptime":"2017-03-16 16:09:22"},"2":{"id":2,"group_id":1,"scene_name":"\u56fe\u7247","scene_config":{"src":"http:\/\/1436.long-vod.cdn.aodianyun.com\/mfs\/1436\/wis\/0x0\/0be50bc3a2cdbc1987b598d36e4a946e.png","style":{"opacity":"1","width":"20%","top":"26%","height":"10%","left":"39%"},"scene_type":"hsms-logo"},"scene_type":"hsms-logo","scene_sort":3,"state":1,"create_time":"2017-03-16 16:08:20","uptime":"2017-03-16 16:09:22"},"3":{"id":3,"group_id":1,"scene_name":"\u5b57\u5e55","scene_config":{"fixedText":{"color":"#1DCD9C","text":"\u7c89\u8272\u7c89\u8272","shadow":"0","align":"left"},"backgound":"http:\/\/1436.long-vod.cdn.aodianyun.com\/mfs\/1436\/wis\/0x0\/8fb26f08142738c4a7e5115252f328fb.png","scrollText":{"color":"#AB102D","text":"\u5927\u5bb6\u90fd\u5173\u6ce8\u4e00\u4e0b","shadow":"0","speed":"40","scrollTimes":"0"},"scene_type":"hsms-subtitle"},"scene_type":"hsms-subtitle","scene_sort":3,"state":1,"create_time":"2017-03-16 16:08:20","uptime":"2017-03-16 16:09:22"}}
2017-03-17 18:23:32 [DEBUG] app\api\GraphQL\VlssSceneGroup::app\api\GraphQL\{closure}[57] id:2,state:[1,2],tmp:[]
2017-03-17 18:23:32 [DEBUG] app\api\GraphQL\VlssSceneGroup::app\api\GraphQL\{closure}[57] id:3,state:[1,2],tmp:[]
2017-03-17 18:23:32 [DEBUG] app\api\GraphQL\VlssSceneGroup::app\api\GraphQL\{closure}[57] id:4,state:[1,2],tmp:[]
2017-03-17 18:23:32 [DEBUG] TinyWeb\Traits\OrmTrait::dictItem[294] SQL(11ms) select * from `vlss_scene_group` where `app_id` = 1 and `state` in (1) limit 5000
2017-03-17 18:23:32 [DEBUG] app\api\GraphQL\VlssSceneGroup::app\api\GraphQL\{closure}[57] id:1,state:[1,2],tmp:{"1":{"id":1,"group_id":1,"scene_name":"\u9884\u544a","scene_config":{"position":"2","interval":"5","contents":[{"title1":"11","image":"http:\/\/1436.long-vod.cdn.aodianyun.com\/mfs\/1436\/wis\/0x0\/81f56530c3c655ab4d499d02178ce89f.png","title2":"112323"},{"title1":"\u82b1","image":"http:\/\/1436.long-vod.cdn.aodianyun.com\/mfs\/1436\/wis\/0x0\/bc61e36619c8807f7c09e28d43001e43.png","title2":"\u9b42\u7275\u68a6\u8426 "},{"title1":"\u5de6","image":"http:\/\/1436.long-vod.cdn.aodianyun.com\/mfs\/1436\/wis\/0x0\/90ce8a80effd29abb5c69bee8be66172.png","title2":"\u6211"}],"scene_type":"hsms-trailer"},"scene_type":"hsms-trailer","scene_sort":2,"state":1,"create_time":"2017-03-16 16:08:20","uptime":"2017-03-16 16:09:22"},"2":{"id":2,"group_id":1,"scene_name":"\u56fe\u7247","scene_config":{"src":"http:\/\/1436.long-vod.cdn.aodianyun.com\/mfs\/1436\/wis\/0x0\/0be50bc3a2cdbc1987b598d36e4a946e.png","style":{"opacity":"1","width":"20%","top":"26%","height":"10%","left":"39%"},"scene_type":"hsms-logo"},"scene_type":"hsms-logo","scene_sort":3,"state":1,"create_time":"2017-03-16 16:08:20","uptime":"2017-03-16 16:09:22"},"3":{"id":3,"group_id":1,"scene_name":"\u5b57\u5e55","scene_config":{"fixedText":{"color":"#1DCD9C","text":"\u7c89\u8272\u7c89\u8272","shadow":"0","align":"left"},"backgound":"http:\/\/1436.long-vod.cdn.aodianyun.com\/mfs\/1436\/wis\/0x0\/8fb26f08142738c4a7e5115252f328fb.png","scrollText":{"color":"#AB102D","text":"\u5927\u5bb6\u90fd\u5173\u6ce8\u4e00\u4e0b","shadow":"0","speed":"40","scrollTimes":"0"},"scene_type":"hsms-subtitle"},"scene_type":"hsms-subtitle","scene_sort":3,"state":1,"create_time":"2017-03-16 16:08:20","uptime":"2017-03-16 16:09:22"}}
2017-03-17 18:23:32 [DEBUG] app\api\GraphQL\VlssSceneGroup::app\api\GraphQL\{closure}[57] id:2,state:[1,2],tmp:[]
2017-03-17 18:23:32 [DEBUG] app\api\GraphQL\VlssSceneGroup::app\api\GraphQL\{closure}[57] id:3,state:[1,2],tmp:[]
2017-03-17 18:23:32 [DEBUG] app\api\GraphQL\VlssSceneGroup::app\api\GraphQL\{closure}[57] id:4,state:[1,2],tmp:[]
2017-03-17 18:23:33 [DEBUG] TinyWeb\Traits\OrmTrait::dictItem[294] SQL(13ms) select * from `vlss_scene_group` where `app_id` = 1 and `state` in (1) limit 5000
2017-03-17 18:23:33 [DEBUG] app\api\GraphQL\VlssSceneGroup::app\api\GraphQL\{closure}[57] id:1,state:[1,2],tmp:{"1":{"id":1,"group_id":1,"scene_name":"\u9884\u544a","scene_config":{"position":"2","interval":"5","contents":[{"title1":"11","image":"http:\/\/1436.long-vod.cdn.aodianyun.com\/mfs\/1436\/wis\/0x0\/81f56530c3c655ab4d499d02178ce89f.png","title2":"112323"},{"title1":"\u82b1","image":"http:\/\/1436.long-vod.cdn.aodianyun.com\/mfs\/1436\/wis\/0x0\/bc61e36619c8807f7c09e28d43001e43.png","title2":"\u9b42\u7275\u68a6\u8426 "},{"title1":"\u5de6","image":"http:\/\/1436.long-vod.cdn.aodianyun.com\/mfs\/1436\/wis\/0x0\/90ce8a80effd29abb5c69bee8be66172.png","title2":"\u6211"}],"scene_type":"hsms-trailer"},"scene_type":"hsms-trailer","scene_sort":2,"state":1,"create_time":"2017-03-16 16:08:20","uptime":"2017-03-16 16:09:22"},"2":{"id":2,"group_id":1,"scene_name":"\u56fe\u7247","scene_config":{"src":"http:\/\/1436.long-vod.cdn.aodianyun.com\/mfs\/1436\/wis\/0x0\/0be50bc3a2cdbc1987b598d36e4a946e.png","style":{"opacity":"1","width":"20%","top":"26%","height":"10%","left":"39%"},"scene_type":"hsms-logo"},"scene_type":"hsms-logo","scene_sort":3,"state":1,"create_time":"2017-03-16 16:08:20","uptime":"2017-03-16 16:09:22"},"3":{"id":3,"group_id":1,"scene_name":"\u5b57\u5e55","scene_config":{"fixedText":{"color":"#1DCD9C","text":"\u7c89\u8272\u7c89\u8272","shadow":"0","align":"left"},"backgound":"http:\/\/1436.long-vod.cdn.aodianyun.com\/mfs\/1436\/wis\/0x0\/8fb26f08142738c4a7e5115252f328fb.png","scrollText":{"color":"#AB102D","text":"\u5927\u5bb6\u90fd\u5173\u6ce8\u4e00\u4e0b","shadow":"0","speed":"40","scrollTimes":"0"},"scene_type":"hsms-subtitle"},"scene_type":"hsms-subtitle","scene_sort":3,"state":1,"create_time":"2017-03-16 16:08:20","uptime":"2017-03-16 16:09:22"}}
2017-03-17 18:23:33 [DEBUG] app\api\GraphQL\VlssSceneGroup::app\api\GraphQL\{closure}[57] id:2,state:[1,2],tmp:[]
2017-03-17 18:23:33 [DEBUG] app\api\GraphQL\VlssSceneGroup::app\api\GraphQL\{closure}[57] id:3,state:[1,2],tmp:[]
2017-03-17 18:23:33 [DEBUG] app\api\GraphQL\VlssSceneGroup::app\api\GraphQL\{closure}[57] id:4,state:[1,2],tmp:[]
2017-03-17 18:23:33 [DEBUG] TinyWeb\Traits\OrmTrait::dictItem[294] SQL(11ms) select * from `vlss_scene_group` where `app_id` = 1 and `state` in (1) limit 5000
2017-03-17 18:23:33 [DEBUG] app\api\GraphQL\VlssSceneGroup::app\api\GraphQL\{closure}[57] id:1,state:[1,2],tmp:{"1":{"id":1,"group_id":1,"scene_name":"\u9884\u544a","scene_config":{"position":"2","interval":"5","contents":[{"title1":"11","image":"http:\/\/1436.long-vod.cdn.aodianyun.com\/mfs\/1436\/wis\/0x0\/81f56530c3c655ab4d499d02178ce89f.png","title2":"112323"},{"title1":"\u82b1","image":"http:\/\/1436.long-vod.cdn.aodianyun.com\/mfs\/1436\/wis\/0x0\/bc61e36619c8807f7c09e28d43001e43.png","title2":"\u9b42\u7275\u68a6\u8426 "},{"title1":"\u5de6","image":"http:\/\/1436.long-vod.cdn.aodianyun.com\/mfs\/1436\/wis\/0x0\/90ce8a80effd29abb5c69bee8be66172.png","title2":"\u6211"}],"scene_type":"hsms-trailer"},"scene_type":"hsms-trailer","scene_sort":2,"state":1,"create_time":"2017-03-16 16:08:20","uptime":"2017-03-16 16:09:22"},"2":{"id":2,"group_id":1,"scene_name":"\u56fe\u7247","scene_config":{"src":"http:\/\/1436.long-vod.cdn.aodianyun.com\/mfs\/1436\/wis\/0x0\/0be50bc3a2cdbc1987b598d36e4a946e.png","style":{"opacity":"1","width":"20%","top":"26%","height":"10%","left":"39%"},"scene_type":"hsms-logo"},"scene_type":"hsms-logo","scene_sort":3,"state":1,"create_time":"2017-03-16 16:08:20","uptime":"2017-03-16 16:09:22"},"3":{"id":3,"group_id":1,"scene_name":"\u5b57\u5e55","scene_config":{"fixedText":{"color":"#1DCD9C","text":"\u7c89\u8272\u7c89\u8272","shadow":"0","align":"left"},"backgound":"http:\/\/1436.long-vod.cdn.aodianyun.com\/mfs\/1436\/wis\/0x0\/8fb26f08142738c4a7e5115252f328fb.png","scrollText":{"color":"#AB102D","text":"\u5927\u5bb6\u90fd\u5173\u6ce8\u4e00\u4e0b","shadow":"0","speed":"40","scrollTimes":"0"},"scene_type":"hsms-subtitle"},"scene_type":"hsms-subtitle","scene_sort":3,"state":1,"create_time":"2017-03-16 16:08:20","uptime":"2017-03-16 16:09:22"}}
2017-03-17 18:23:33 [DEBUG] app\api\GraphQL\VlssSceneGroup::app\api\GraphQL\{closure}[57] id:2,state:[1,2],tmp:[]
2017-03-17 18:23:33 [DEBUG] app\api\GraphQL\VlssSceneGroup::app\api\GraphQL\{closure}[57] id:3,state:[1,2],tmp:[]
2017-03-17 18:23:33 [DEBUG] app\api\GraphQL\VlssSceneGroup::app\api\GraphQL\{closure}[57] id:4,state:[1,2],tmp:[]
2017-03-17 18:23:33 [DEBUG] TinyWeb\Traits\OrmTrait::dictItem[294] SQL(10ms) select * from `vlss_scene_group` where `app_id` = 1 and `state` in (1) limit 5000
2017-03-17 18:23:33 [DEBUG] app\api\GraphQL\VlssSceneGroup::app\api\GraphQL\{closure}[57] id:1,state:[1,2],tmp:{"1":{"id":1,"group_id":1,"scene_name":"\u9884\u544a","scene_config":{"position":"2","interval":"5","contents":[{"title1":"11","image":"http:\/\/1436.long-vod.cdn.aodianyun.com\/mfs\/1436\/wis\/0x0\/81f56530c3c655ab4d499d02178ce89f.png","title2":"112323"},{"title1":"\u82b1","image":"http:\/\/1436.long-vod.cdn.aodianyun.com\/mfs\/1436\/wis\/0x0\/bc61e36619c8807f7c09e28d43001e43.png","title2":"\u9b42\u7275\u68a6\u8426 "},{"title1":"\u5de6","image":"http:\/\/1436.long-vod.cdn.aodianyun.com\/mfs\/1436\/wis\/0x0\/90ce8a80effd29abb5c69bee8be66172.png","title2":"\u6211"}],"scene_type":"hsms-trailer"},"scene_type":"hsms-trailer","scene_sort":2,"state":1,"create_time":"2017-03-16 16:08:20","uptime":"2017-03-16 16:09:22"},"2":{"id":2,"group_id":1,"scene_name":"\u56fe\u7247","scene_config":{"src":"http:\/\/1436.long-vod.cdn.aodianyun.com\/mfs\/1436\/wis\/0x0\/0be50bc3a2cdbc1987b598d36e4a946e.png","style":{"opacity":"1","width":"20%","top":"26%","height":"10%","left":"39%"},"scene_type":"hsms-logo"},"scene_type":"hsms-logo","scene_sort":3,"state":1,"create_time":"2017-03-16 16:08:20","uptime":"2017-03-16 16:09:22"},"3":{"id":3,"group_id":1,"scene_name":"\u5b57\u5e55","scene_config":{"fixedText":{"color":"#1DCD9C","text":"\u7c89\u8272\u7c89\u8272","shadow":"0","align":"left"},"backgound":"http:\/\/1436.long-vod.cdn.aodianyun.com\/mfs\/1436\/wis\/0x0\/8fb26f08142738c4a7e5115252f328fb.png","scrollText":{"color":"#AB102D","text":"\u5927\u5bb6\u90fd\u5173\u6ce8\u4e00\u4e0b","shadow":"0","speed":"40","scrollTimes":"0"},"scene_type":"hsms-subtitle"},"scene_type":"hsms-subtitle","scene_sort":3,"state":1,"create_time":"2017-03-16 16:08:20","uptime":"2017-03-16 16:09:22"}}
2017-03-17 18:23:33 [DEBUG] app\api\GraphQL\VlssSceneGroup::app\api\GraphQL\{closure}[57] id:2,state:[1,2],tmp:[]
2017-03-17 18:23:33 [DEBUG] app\api\GraphQL\VlssSceneGroup::app\api\GraphQL\{closure}[57] id:3,state:[1,2],tmp:[]
2017-03-17 18:23:33 [DEBUG] app\api\GraphQL\VlssSceneGroup::app\api\GraphQL\{closure}[57] id:4,state:[1,2],tmp:[]
2017-03-17 18:23:33 [DEBUG] TinyWeb\Traits\OrmTrait::dictItem[294] SQL(10ms) select * from `vlss_scene_group` where `app_id` = 1 and `state` in (1) limit 5000
2017-03-17 18:23:33 [DEBUG] app\api\GraphQL\VlssSceneGroup::app\api\GraphQL\{closure}[57] id:1,state:[1,2],tmp:{"1":{"id":1,"group_id":1,"scene_name":"\u9884\u544a","scene_config":{"position":"2","interval":"5","contents":[{"title1":"11","image":"http:\/\/1436.long-vod.cdn.aodianyun.com\/mfs\/1436\/wis\/0x0\/81f56530c3c655ab4d499d02178ce89f.png","title2":"112323"},{"title1":"\u82b1","image":"http:\/\/1436.long-vod.cdn.aodianyun.com\/mfs\/1436\/wis\/0x0\/bc61e36619c8807f7c09e28d43001e43.png","title2":"\u9b42\u7275\u68a6\u8426 "},{"title1":"\u5de6","image":"http:\/\/1436.long-vod.cdn.aodianyun.com\/mfs\/1436\/wis\/0x0\/90ce8a80effd29abb5c69bee8be66172.png","title2":"\u6211"}],"scene_type":"hsms-trailer"},"scene_type":"hsms-trailer","scene_sort":2,"state":1,"create_time":"2017-03-16 16:08:20","uptime":"2017-03-16 16:09:22"},"2":{"id":2,"group_id":1,"scene_name":"\u56fe\u7247","scene_config":{"src":"http:\/\/1436.long-vod.cdn.aodianyun.com\/mfs\/1436\/wis\/0x0\/0be50bc3a2cdbc1987b598d36e4a946e.png","style":{"opacity":"1","width":"20%","top":"26%","height":"10%","left":"39%"},"scene_type":"hsms-logo"},"scene_type":"hsms-logo","scene_sort":3,"state":1,"create_time":"2017-03-16 16:08:20","uptime":"2017-03-16 16:09:22"},"3":{"id":3,"group_id":1,"scene_name":"\u5b57\u5e55","scene_config":{"fixedText":{"color":"#1DCD9C","text":"\u7c89\u8272\u7c89\u8272","shadow":"0","align":"left"},"backgound":"http:\/\/1436.long-vod.cdn.aodianyun.com\/mfs\/1436\/wis\/0x0\/8fb26f08142738c4a7e5115252f328fb.png","scrollText":{"color":"#AB102D","text":"\u5927\u5bb6\u90fd\u5173\u6ce8\u4e00\u4e0b","shadow":"0","speed":"40","scrollTimes":"0"},"scene_type":"hsms-subtitle"},"scene_type":"hsms-subtitle","scene_sort":3,"state":1,"create_time":"2017-03-16 16:08:20","uptime":"2017-03-16 16:09:22"}}
2017-03-17 18:23:33 [DEBUG] app\api\GraphQL\VlssSceneGroup::app\api\GraphQL\{closure}[57] id:2,state:[1,2],tmp:[]
2017-03-17 18:23:33 [DEBUG] app\api\GraphQL\VlssSceneGroup::app\api\GraphQL\{closure}[57] id:3,state:[1,2],tmp:[]
2017-03-17 18:23:33 [DEBUG] app\api\GraphQL\VlssSceneGroup::app\api\GraphQL\{closure}[57] id:4,state:[1,2],tmp:[]
2017-03-17 18:23:34 [DEBUG] TinyWeb\Traits\OrmTrait::dictItem[294] SQL(10ms) select * from `vlss_scene_group` where `app_id` = 1 and `state` in (1) limit 5000
2017-03-17 18:23:34 [DEBUG] app\api\GraphQL\VlssSceneGroup::app\api\GraphQL\{closure}[57] id:1,state:[1,2],tmp:{"1":{"id":1,"group_id":1,"scene_name":"\u9884\u544a","scene_config":{"position":"2","interval":"5","contents":[{"title1":"11","image":"http:\/\/1436.long-vod.cdn.aodianyun.com\/mfs\/1436\/wis\/0x0\/81f56530c3c655ab4d499d02178ce89f.png","title2":"112323"},{"title1":"\u82b1","image":"http:\/\/1436.long-vod.cdn.aodianyun.com\/mfs\/1436\/wis\/0x0\/bc61e36619c8807f7c09e28d43001e43.png","title2":"\u9b42\u7275\u68a6\u8426 "},{"title1":"\u5de6","image":"http:\/\/1436.long-vod.cdn.aodianyun.com\/mfs\/1436\/wis\/0x0\/90ce8a80effd29abb5c69bee8be66172.png","title2":"\u6211"}],"scene_type":"hsms-trailer"},"scene_type":"hsms-trailer","scene_sort":2,"state":1,"create_time":"2017-03-16 16:08:20","uptime":"2017-03-16 16:09:22"},"2":{"id":2,"group_id":1,"scene_name":"\u56fe\u7247","scene_config":{"src":"http:\/\/1436.long-vod.cdn.aodianyun.com\/mfs\/1436\/wis\/0x0\/0be50bc3a2cdbc1987b598d36e4a946e.png","style":{"opacity":"1","width":"20%","top":"26%","height":"10%","left":"39%"},"scene_type":"hsms-logo"},"scene_type":"hsms-logo","scene_sort":3,"state":1,"create_time":"2017-03-16 16:08:20","uptime":"2017-03-16 16:09:22"},"3":{"id":3,"group_id":1,"scene_name":"\u5b57\u5e55","scene_config":{"fixedText":{"color":"#1DCD9C","text":"\u7c89\u8272\u7c89\u8272","shadow":"0","align":"left"},"backgound":"http:\/\/1436.long-vod.cdn.aodianyun.com\/mfs\/1436\/wis\/0x0\/8fb26f08142738c4a7e5115252f328fb.png","scrollText":{"color":"#AB102D","text":"\u5927\u5bb6\u90fd\u5173\u6ce8\u4e00\u4e0b","shadow":"0","speed":"40","scrollTimes":"0"},"scene_type":"hsms-subtitle"},"scene_type":"hsms-subtitle","scene_sort":3,"state":1,"create_time":"2017-03-16 16:08:20","uptime":"2017-03-16 16:09:22"}}
2017-03-17 18:23:34 [DEBUG] app\api\GraphQL\VlssSceneGroup::app\api\GraphQL\{closure}[57] id:2,state:[1,2],tmp:[]
2017-03-17 18:23:34 [DEBUG] app\api\GraphQL\VlssSceneGroup::app\api\GraphQL\{closure}[57] id:3,state:[1,2],tmp:[]
2017-03-17 18:23:34 [DEBUG] app\api\GraphQL\VlssSceneGroup::app\api\GraphQL\{closure}[57] id:4,state:[1,2],tmp:[]
2017-03-17 18:23:34 [DEBUG] TinyWeb\Traits\OrmTrait::dictItem[294] SQL(12ms) select * from `vlss_scene_group` where `app_id` = 1 and `state` in (1) limit 5000
2017-03-17 18:23:34 [DEBUG] app\api\GraphQL\VlssSceneGroup::app\api\GraphQL\{closure}[57] id:1,state:[1,2],tmp:{"1":{"id":1,"group_id":1,"scene_name":"\u9884\u544a","scene_config":{"position":"2","interval":"5","contents":[{"title1":"11","image":"http:\/\/1436.long-vod.cdn.aodianyun.com\/mfs\/1436\/wis\/0x0\/81f56530c3c655ab4d499d02178ce89f.png","title2":"112323"},{"title1":"\u82b1","image":"http:\/\/1436.long-vod.cdn.aodianyun.com\/mfs\/1436\/wis\/0x0\/bc61e36619c8807f7c09e28d43001e43.png","title2":"\u9b42\u7275\u68a6\u8426 "},{"title1":"\u5de6","image":"http:\/\/1436.long-vod.cdn.aodianyun.com\/mfs\/1436\/wis\/0x0\/90ce8a80effd29abb5c69bee8be66172.png","title2":"\u6211"}],"scene_type":"hsms-trailer"},"scene_type":"hsms-trailer","scene_sort":2,"state":1,"create_time":"2017-03-16 16:08:20","uptime":"2017-03-16 16:09:22"},"2":{"id":2,"group_id":1,"scene_name":"\u56fe\u7247","scene_config":{"src":"http:\/\/1436.long-vod.cdn.aodianyun.com\/mfs\/1436\/wis\/0x0\/0be50bc3a2cdbc1987b598d36e4a946e.png","style":{"opacity":"1","width":"20%","top":"26%","height":"10%","left":"39%"},"scene_type":"hsms-logo"},"scene_type":"hsms-logo","scene_sort":3,"state":1,"create_time":"2017-03-16 16:08:20","uptime":"2017-03-16 16:09:22"},"3":{"id":3,"group_id":1,"scene_name":"\u5b57\u5e55","scene_config":{"fixedText":{"color":"#1DCD9C","text":"\u7c89\u8272\u7c89\u8272","shadow":"0","align":"left"},"backgound":"http:\/\/1436.long-vod.cdn.aodianyun.com\/mfs\/1436\/wis\/0x0\/8fb26f08142738c4a7e5115252f328fb.png","scrollText":{"color":"#AB102D","text":"\u5927\u5bb6\u90fd\u5173\u6ce8\u4e00\u4e0b","shadow":"0","speed":"40","scrollTimes":"0"},"scene_type":"hsms-subtitle"},"scene_type":"hsms-subtitle","scene_sort":3,"state":1,"create_time":"2017-03-16 16:08:20","uptime":"2017-03-16 16:09:22"}}
2017-03-17 18:23:34 [DEBUG] app\api\GraphQL\VlssSceneGroup::app\api\GraphQL\{closure}[57] id:2,state:[1,2],tmp:[]
2017-03-17 18:23:34 [DEBUG] app\api\GraphQL\VlssSceneGroup::app\api\GraphQL\{closure}[57] id:3,state:[1,2],tmp:[]
2017-03-17 18:23:34 [DEBUG] app\api\GraphQL\VlssSceneGroup::app\api\GraphQL\{closure}[57] id:4,state:[1,2],tmp:[]
2017-03-17 18:23:51 [DEBUG] TinyWeb\Traits\OrmTrait::dictItem[294] SQL(10ms) select * from `vlss_scene_group` where `app_id` = 1 and `state` in (1) limit 5000
2017-03-17 18:23:51 [DEBUG] app\api\GraphQL\VlssSceneGroup::app\api\GraphQL\{closure}[57] id:1,state:[1,2],tmp:{"1":{"id":1,"group_id":1,"scene_name":"\u9884\u544a","scene_config":{"position":"2","interval":"5","contents":[{"title1":"11","image":"http:\/\/1436.long-vod.cdn.aodianyun.com\/mfs\/1436\/wis\/0x0\/81f56530c3c655ab4d499d02178ce89f.png","title2":"112323"},{"title1":"\u82b1","image":"http:\/\/1436.long-vod.cdn.aodianyun.com\/mfs\/1436\/wis\/0x0\/bc61e36619c8807f7c09e28d43001e43.png","title2":"\u9b42\u7275\u68a6\u8426 "},{"title1":"\u5de6","image":"http:\/\/1436.long-vod.cdn.aodianyun.com\/mfs\/1436\/wis\/0x0\/90ce8a80effd29abb5c69bee8be66172.png","title2":"\u6211"}],"scene_type":"hsms-trailer"},"scene_type":"hsms-trailer","scene_sort":2,"state":1,"create_time":"2017-03-16 16:08:20","uptime":"2017-03-16 16:09:22"},"2":{"id":2,"group_id":1,"scene_name":"\u56fe\u7247","scene_config":{"src":"http:\/\/1436.long-vod.cdn.aodianyun.com\/mfs\/1436\/wis\/0x0\/0be50bc3a2cdbc1987b598d36e4a946e.png","style":{"opacity":"1","width":"20%","top":"26%","height":"10%","left":"39%"},"scene_type":"hsms-logo"},"scene_type":"hsms-logo","scene_sort":3,"state":1,"create_time":"2017-03-16 16:08:20","uptime":"2017-03-16 16:09:22"},"3":{"id":3,"group_id":1,"scene_name":"\u5b57\u5e55","scene_config":{"fixedText":{"color":"#1DCD9C","text":"\u7c89\u8272\u7c89\u8272","shadow":"0","align":"left"},"backgound":"http:\/\/1436.long-vod.cdn.aodianyun.com\/mfs\/1436\/wis\/0x0\/8fb26f08142738c4a7e5115252f328fb.png","scrollText":{"color":"#AB102D","text":"\u5927\u5bb6\u90fd\u5173\u6ce8\u4e00\u4e0b","shadow":"0","speed":"40","scrollTimes":"0"},"scene_type":"hsms-subtitle"},"scene_type":"hsms-subtitle","scene_sort":3,"state":1,"create_time":"2017-03-16 16:08:20","uptime":"2017-03-16 16:09:22"}}
2017-03-17 18:23:51 [DEBUG] app\api\GraphQL\VlssSceneGroup::app\api\GraphQL\{closure}[57] id:2,state:[1,2],tmp:[]
2017-03-17 18:23:51 [DEBUG] app\api\GraphQL\VlssSceneGroup::app\api\GraphQL\{closure}[57] id:3,state:[1,2],tmp:[]
2017-03-17 18:23:51 [DEBUG] app\api\GraphQL\VlssSceneGroup::app\api\GraphQL\{closure}[57] id:4,state:[1,2],tmp:[]
2017-03-17 18:23:52 [DEBUG] TinyWeb\Traits\OrmTrait::dictItem[294] SQL(9ms) select * from `vlss_scene_group` where `app_id` = 1 and `state` in (1) limit 5000
2017-03-17 18:23:52 [DEBUG] app\api\GraphQL\VlssSceneGroup::app\api\GraphQL\{closure}[57] id:1,state:[1,2],tmp:{"1":{"id":1,"group_id":1,"scene_name":"\u9884\u544a","scene_config":{"position":"2","interval":"5","contents":[{"title1":"11","image":"http:\/\/1436.long-vod.cdn.aodianyun.com\/mfs\/1436\/wis\/0x0\/81f56530c3c655ab4d499d02178ce89f.png","title2":"112323"},{"title1":"\u82b1","image":"http:\/\/1436.long-vod.cdn.aodianyun.com\/mfs\/1436\/wis\/0x0\/bc61e36619c8807f7c09e28d43001e43.png","title2":"\u9b42\u7275\u68a6\u8426 "},{"title1":"\u5de6","image":"http:\/\/1436.long-vod.cdn.aodianyun.com\/mfs\/1436\/wis\/0x0\/90ce8a80effd29abb5c69bee8be66172.png","title2":"\u6211"}],"scene_type":"hsms-trailer"},"scene_type":"hsms-trailer","scene_sort":2,"state":1,"create_time":"2017-03-16 16:08:20","uptime":"2017-03-16 16:09:22"},"2":{"id":2,"group_id":1,"scene_name":"\u56fe\u7247","scene_config":{"src":"http:\/\/1436.long-vod.cdn.aodianyun.com\/mfs\/1436\/wis\/0x0\/0be50bc3a2cdbc1987b598d36e4a946e.png","style":{"opacity":"1","width":"20%","top":"26%","height":"10%","left":"39%"},"scene_type":"hsms-logo"},"scene_type":"hsms-logo","scene_sort":3,"state":1,"create_time":"2017-03-16 16:08:20","uptime":"2017-03-16 16:09:22"},"3":{"id":3,"group_id":1,"scene_name":"\u5b57\u5e55","scene_config":{"fixedText":{"color":"#1DCD9C","text":"\u7c89\u8272\u7c89\u8272","shadow":"0","align":"left"},"backgound":"http:\/\/1436.long-vod.cdn.aodianyun.com\/mfs\/1436\/wis\/0x0\/8fb26f08142738c4a7e5115252f328fb.png","scrollText":{"color":"#AB102D","text":"\u5927\u5bb6\u90fd\u5173\u6ce8\u4e00\u4e0b","shadow":"0","speed":"40","scrollTimes":"0"},"scene_type":"hsms-subtitle"},"scene_type":"hsms-subtitle","scene_sort":3,"state":1,"create_time":"2017-03-16 16:08:20","uptime":"2017-03-16 16:09:22"}}
2017-03-17 18:23:52 [DEBUG] app\api\GraphQL\VlssSceneGroup::app\api\GraphQL\{closure}[57] id:2,state:[1,2],tmp:[]
2017-03-17 18:23:52 [DEBUG] app\api\GraphQL\VlssSceneGroup::app\api\GraphQL\{closure}[57] id:3,state:[1,2],tmp:[]
2017-03-17 18:23:52 [DEBUG] app\api\GraphQL\VlssSceneGroup::app\api\GraphQL\{closure}[57] id:4,state:[1,2],tmp:[]
2017-03-17 18:23:52 [DEBUG] TinyWeb\Traits\OrmTrait::dictItem[294] SQL(12ms) select * from `vlss_scene_group` where `app_id` = 1 and `state` in (1) limit 5000
2017-03-17 18:23:52 [DEBUG] app\api\GraphQL\VlssSceneGroup::app\api\GraphQL\{closure}[57] id:1,state:[1,2],tmp:{"1":{"id":1,"group_id":1,"scene_name":"\u9884\u544a","scene_config":{"position":"2","interval":"5","contents":[{"title1":"11","image":"http:\/\/1436.long-vod.cdn.aodianyun.com\/mfs\/1436\/wis\/0x0\/81f56530c3c655ab4d499d02178ce89f.png","title2":"112323"},{"title1":"\u82b1","image":"http:\/\/1436.long-vod.cdn.aodianyun.com\/mfs\/1436\/wis\/0x0\/bc61e36619c8807f7c09e28d43001e43.png","title2":"\u9b42\u7275\u68a6\u8426 "},{"title1":"\u5de6","image":"http:\/\/1436.long-vod.cdn.aodianyun.com\/mfs\/1436\/wis\/0x0\/90ce8a80effd29abb5c69bee8be66172.png","title2":"\u6211"}],"scene_type":"hsms-trailer"},"scene_type":"hsms-trailer","scene_sort":2,"state":1,"create_time":"2017-03-16 16:08:20","uptime":"2017-03-16 16:09:22"},"2":{"id":2,"group_id":1,"scene_name":"\u56fe\u7247","scene_config":{"src":"http:\/\/1436.long-vod.cdn.aodianyun.com\/mfs\/1436\/wis\/0x0\/0be50bc3a2cdbc1987b598d36e4a946e.png","style":{"opacity":"1","width":"20%","top":"26%","height":"10%","left":"39%"},"scene_type":"hsms-logo"},"scene_type":"hsms-logo","scene_sort":3,"state":1,"create_time":"2017-03-16 16:08:20","uptime":"2017-03-16 16:09:22"},"3":{"id":3,"group_id":1,"scene_name":"\u5b57\u5e55","scene_config":{"fixedText":{"color":"#1DCD9C","text":"\u7c89\u8272\u7c89\u8272","shadow":"0","align":"left"},"backgound":"http:\/\/1436.long-vod.cdn.aodianyun.com\/mfs\/1436\/wis\/0x0\/8fb26f08142738c4a7e5115252f328fb.png","scrollText":{"color":"#AB102D","text":"\u5927\u5bb6\u90fd\u5173\u6ce8\u4e00\u4e0b","shadow":"0","speed":"40","scrollTimes":"0"},"scene_type":"hsms-subtitle"},"scene_type":"hsms-subtitle","scene_sort":3,"state":1,"create_time":"2017-03-16 16:08:20","uptime":"2017-03-16 16:09:22"}}
2017-03-17 18:23:52 [DEBUG] app\api\GraphQL\VlssSceneGroup::app\api\GraphQL\{closure}[57] id:2,state:[1,2],tmp:[]
2017-03-17 18:23:52 [DEBUG] app\api\GraphQL\VlssSceneGroup::app\api\GraphQL\{closure}[57] id:3,state:[1,2],tmp:[]
2017-03-17 18:23:52 [DEBUG] app\api\GraphQL\VlssSceneGroup::app\api\GraphQL\{closure}[57] id:4,state:[1,2],tmp:[]
2017-03-17 18:23:53 [DEBUG] TinyWeb\Traits\OrmTrait::dictItem[294] SQL(9ms) select * from `vlss_scene_group` where `app_id` = 1 and `state` in (1) limit 5000
2017-03-17 18:23:53 [DEBUG] app\api\GraphQL\VlssSceneGroup::app\api\GraphQL\{closure}[57] id:1,state:[1,2],tmp:{"1":{"id":1,"group_id":1,"scene_name":"\u9884\u544a","scene_config":{"position":"2","interval":"5","contents":[{"title1":"11","image":"http:\/\/1436.long-vod.cdn.aodianyun.com\/mfs\/1436\/wis\/0x0\/81f56530c3c655ab4d499d02178ce89f.png","title2":"112323"},{"title1":"\u82b1","image":"http:\/\/1436.long-vod.cdn.aodianyun.com\/mfs\/1436\/wis\/0x0\/bc61e36619c8807f7c09e28d43001e43.png","title2":"\u9b42\u7275\u68a6\u8426 "},{"title1":"\u5de6","image":"http:\/\/1436.long-vod.cdn.aodianyun.com\/mfs\/1436\/wis\/0x0\/90ce8a80effd29abb5c69bee8be66172.png","title2":"\u6211"}],"scene_type":"hsms-trailer"},"scene_type":"hsms-trailer","scene_sort":2,"state":1,"create_time":"2017-03-16 16:08:20","uptime":"2017-03-16 16:09:22"},"2":{"id":2,"group_id":1,"scene_name":"\u56fe\u7247","scene_config":{"src":"http:\/\/1436.long-vod.cdn.aodianyun.com\/mfs\/1436\/wis\/0x0\/0be50bc3a2cdbc1987b598d36e4a946e.png","style":{"opacity":"1","width":"20%","top":"26%","height":"10%","left":"39%"},"scene_type":"hsms-logo"},"scene_type":"hsms-logo","scene_sort":3,"state":1,"create_time":"2017-03-16 16:08:20","uptime":"2017-03-16 16:09:22"},"3":{"id":3,"group_id":1,"scene_name":"\u5b57\u5e55","scene_config":{"fixedText":{"color":"#1DCD9C","text":"\u7c89\u8272\u7c89\u8272","shadow":"0","align":"left"},"backgound":"http:\/\/1436.long-vod.cdn.aodianyun.com\/mfs\/1436\/wis\/0x0\/8fb26f08142738c4a7e5115252f328fb.png","scrollText":{"color":"#AB102D","text":"\u5927\u5bb6\u90fd\u5173\u6ce8\u4e00\u4e0b","shadow":"0","speed":"40","scrollTimes":"0"},"scene_type":"hsms-subtitle"},"scene_type":"hsms-subtitle","scene_sort":3,"state":1,"create_time":"2017-03-16 16:08:20","uptime":"2017-03-16 16:09:22"}}
2017-03-17 18:23:53 [DEBUG] app\api\GraphQL\VlssSceneGroup::app\api\GraphQL\{closure}[57] id:2,state:[1,2],tmp:[]
2017-03-17 18:23:53 [DEBUG] app\api\GraphQL\VlssSceneGroup::app\api\GraphQL\{closure}[57] id:3,state:[1,2],tmp:[]
2017-03-17 18:23:53 [DEBUG] app\api\GraphQL\VlssSceneGroup::app\api\GraphQL\{closure}[57] id:4,state:[1,2],tmp:[]
2017-03-17 18:23:53 [DEBUG] TinyWeb\Traits\OrmTrait::dictItem[294] SQL(9ms) select * from `vlss_scene_group` where `app_id` = 1 and `state` in (1) limit 5000
2017-03-17 18:23:53 [DEBUG] app\api\GraphQL\VlssSceneGroup::app\api\GraphQL\{closure}[57] id:1,state:[1,2],tmp:{"1":{"id":1,"group_id":1,"scene_name":"\u9884\u544a","scene_config":{"position":"2","interval":"5","contents":[{"title1":"11","image":"http:\/\/1436.long-vod.cdn.aodianyun.com\/mfs\/1436\/wis\/0x0\/81f56530c3c655ab4d499d02178ce89f.png","title2":"112323"},{"title1":"\u82b1","image":"http:\/\/1436.long-vod.cdn.aodianyun.com\/mfs\/1436\/wis\/0x0\/bc61e36619c8807f7c09e28d43001e43.png","title2":"\u9b42\u7275\u68a6\u8426 "},{"title1":"\u5de6","image":"http:\/\/1436.long-vod.cdn.aodianyun.com\/mfs\/1436\/wis\/0x0\/90ce8a80effd29abb5c69bee8be66172.png","title2":"\u6211"}],"scene_type":"hsms-trailer"},"scene_type":"hsms-trailer","scene_sort":2,"state":1,"create_time":"2017-03-16 16:08:20","uptime":"2017-03-16 16:09:22"},"2":{"id":2,"group_id":1,"scene_name":"\u56fe\u7247","scene_config":{"src":"http:\/\/1436.long-vod.cdn.aodianyun.com\/mfs\/1436\/wis\/0x0\/0be50bc3a2cdbc1987b598d36e4a946e.png","style":{"opacity":"1","width":"20%","top":"26%","height":"10%","left":"39%"},"scene_type":"hsms-logo"},"scene_type":"hsms-logo","scene_sort":3,"state":1,"create_time":"2017-03-16 16:08:20","uptime":"2017-03-16 16:09:22"},"3":{"id":3,"group_id":1,"scene_name":"\u5b57\u5e55","scene_config":{"fixedText":{"color":"#1DCD9C","text":"\u7c89\u8272\u7c89\u8272","shadow":"0","align":"left"},"backgound":"http:\/\/1436.long-vod.cdn.aodianyun.com\/mfs\/1436\/wis\/0x0\/8fb26f08142738c4a7e5115252f328fb.png","scrollText":{"color":"#AB102D","text":"\u5927\u5bb6\u90fd\u5173\u6ce8\u4e00\u4e0b","shadow":"0","speed":"40","scrollTimes":"0"},"scene_type":"hsms-subtitle"},"scene_type":"hsms-subtitle","scene_sort":3,"state":1,"create_time":"2017-03-16 16:08:20","uptime":"2017-03-16 16:09:22"}}
2017-03-17 18:23:53 [DEBUG] app\api\GraphQL\VlssSceneGroup::app\api\GraphQL\{closure}[57] id:2,state:[1,2],tmp:[]
2017-03-17 18:23:53 [DEBUG] app\api\GraphQL\VlssSceneGroup::app\api\GraphQL\{closure}[57] id:3,state:[1,2],tmp:[]
2017-03-17 18:23:53 [DEBUG] app\api\GraphQL\VlssSceneGroup::app\api\GraphQL\{closure}[57] id:4,state:[1,2],tmp:[]
2017-03-17 18:23:53 [DEBUG] TinyWeb\Traits\OrmTrait::dictItem[294] SQL(12ms) select * from `vlss_scene_group` where `app_id` = 1 and `state` in (1) limit 5000
2017-03-17 18:23:53 [DEBUG] app\api\GraphQL\VlssSceneGroup::app\api\GraphQL\{closure}[57] id:1,state:[1,2],tmp:{"1":{"id":1,"group_id":1,"scene_name":"\u9884\u544a","scene_config":{"position":"2","interval":"5","contents":[{"title1":"11","image":"http:\/\/1436.long-vod.cdn.aodianyun.com\/mfs\/1436\/wis\/0x0\/81f56530c3c655ab4d499d02178ce89f.png","title2":"112323"},{"title1":"\u82b1","image":"http:\/\/1436.long-vod.cdn.aodianyun.com\/mfs\/1436\/wis\/0x0\/bc61e36619c8807f7c09e28d43001e43.png","title2":"\u9b42\u7275\u68a6\u8426 "},{"title1":"\u5de6","image":"http:\/\/1436.long-vod.cdn.aodianyun.com\/mfs\/1436\/wis\/0x0\/90ce8a80effd29abb5c69bee8be66172.png","title2":"\u6211"}],"scene_type":"hsms-trailer"},"scene_type":"hsms-trailer","scene_sort":2,"state":1,"create_time":"2017-03-16 16:08:20","uptime":"2017-03-16 16:09:22"},"2":{"id":2,"group_id":1,"scene_name":"\u56fe\u7247","scene_config":{"src":"http:\/\/1436.long-vod.cdn.aodianyun.com\/mfs\/1436\/wis\/0x0\/0be50bc3a2cdbc1987b598d36e4a946e.png","style":{"opacity":"1","width":"20%","top":"26%","height":"10%","left":"39%"},"scene_type":"hsms-logo"},"scene_type":"hsms-logo","scene_sort":3,"state":1,"create_time":"2017-03-16 16:08:20","uptime":"2017-03-16 16:09:22"},"3":{"id":3,"group_id":1,"scene_name":"\u5b57\u5e55","scene_config":{"fixedText":{"color":"#1DCD9C","text":"\u7c89\u8272\u7c89\u8272","shadow":"0","align":"left"},"backgound":"http:\/\/1436.long-vod.cdn.aodianyun.com\/mfs\/1436\/wis\/0x0\/8fb26f08142738c4a7e5115252f328fb.png","scrollText":{"color":"#AB102D","text":"\u5927\u5bb6\u90fd\u5173\u6ce8\u4e00\u4e0b","shadow":"0","speed":"40","scrollTimes":"0"},"scene_type":"hsms-subtitle"},"scene_type":"hsms-subtitle","scene_sort":3,"state":1,"create_time":"2017-03-16 16:08:20","uptime":"2017-03-16 16:09:22"}}
2017-03-17 18:23:53 [DEBUG] app\api\GraphQL\VlssSceneGroup::app\api\GraphQL\{closure}[57] id:2,state:[1,2],tmp:[]
2017-03-17 18:23:53 [DEBUG] app\api\GraphQL\VlssSceneGroup::app\api\GraphQL\{closure}[57] id:3,state:[1,2],tmp:[]
2017-03-17 18:23:53 [DEBUG] app\api\GraphQL\VlssSceneGroup::app\api\GraphQL\{closure}[57] id:4,state:[1,2],tmp:[]
2017-03-17 18:27:26 [DEBUG] TinyWeb\Traits\OrmTrait::dictItem[294] SQL(9ms) select * from `vlss_scene_group` where `app_id` = 1 and `state` in (1) limit 5000
2017-03-17 18:27:27 [DEBUG] app\api\GraphQL\VlssSceneGroup::app\api\GraphQL\{closure}[57] id:1,state:[1,2],tmp:{"1":{"id":1,"group_id":1,"scene_name":"\u9884\u544a","scene_config":{"position":"2","interval":"5","contents":[{"title1":"11","image":"http:\/\/1436.long-vod.cdn.aodianyun.com\/mfs\/1436\/wis\/0x0\/81f56530c3c655ab4d499d02178ce89f.png","title2":"112323"},{"title1":"\u82b1","image":"http:\/\/1436.long-vod.cdn.aodianyun.com\/mfs\/1436\/wis\/0x0\/bc61e36619c8807f7c09e28d43001e43.png","title2":"\u9b42\u7275\u68a6\u8426 "},{"title1":"\u5de6","image":"http:\/\/1436.long-vod.cdn.aodianyun.com\/mfs\/1436\/wis\/0x0\/90ce8a80effd29abb5c69bee8be66172.png","title2":"\u6211"}],"scene_type":"hsms-trailer"},"scene_type":"hsms-trailer","scene_sort":6666,"state":1,"create_time":"2017-03-16 16:08:20","uptime":"2017-03-17 18:24:39"},"2":{"id":2,"group_id":1,"scene_name":"\u56fe\u7247","scene_config":{"src":"http:\/\/1436.long-vod.cdn.aodianyun.com\/mfs\/1436\/wis\/0x0\/0be50bc3a2cdbc1987b598d36e4a946e.png","style":{"opacity":"1","width":"20%","top":"26%","height":"10%","left":"39%"},"scene_type":"hsms-logo"},"scene_type":"hsms-logo","scene_sort":3,"state":1,"create_time":"2017-03-16 16:08:20","uptime":"2017-03-16 16:09:22"},"3":{"id":3,"group_id":1,"scene_name":"\u5b57\u5e55","scene_config":{"fixedText":{"color":"#1DCD9C","text":"\u7c89\u8272\u7c89\u8272","shadow":"0","align":"left"},"backgound":"http:\/\/1436.long-vod.cdn.aodianyun.com\/mfs\/1436\/wis\/0x0\/8fb26f08142738c4a7e5115252f328fb.png","scrollText":{"color":"#AB102D","text":"\u5927\u5bb6\u90fd\u5173\u6ce8\u4e00\u4e0b","shadow":"0","speed":"40","scrollTimes":"0"},"scene_type":"hsms-subtitle"},"scene_type":"hsms-subtitle","scene_sort":3,"state":1,"create_time":"2017-03-16 16:08:20","uptime":"2017-03-16 16:09:22"}}
2017-03-17 18:27:27 [DEBUG] app\api\GraphQL\VlssSceneGroup::app\api\GraphQL\{closure}[57] id:2,state:[1,2],tmp:[]
2017-03-17 18:27:27 [DEBUG] app\api\GraphQL\VlssSceneGroup::app\api\GraphQL\{closure}[57] id:3,state:[1,2],tmp:[]
2017-03-17 18:27:27 [DEBUG] app\api\GraphQL\VlssSceneGroup::app\api\GraphQL\{closure}[57] id:4,state:[1,2],tmp:[]
